2018-06-17 15:30:23,129 [user:] [pipeline:] [runner:] [thread:main] INFO  Main - -----------------------------------------------------------------
2018-06-17 15:30:23,130 [user:] [pipeline:] [runner:] [thread:main] INFO  Main - Build info:
2018-06-17 15:30:23,130 [user:] [pipeline:] [runner:] [thread:main] INFO  Main -   Version        : 3.3.0
2018-06-17 15:30:23,130 [user:] [pipeline:] [runner:] [thread:main] INFO  Main -   Date           : 2018-05-23T16:51Z
2018-06-17 15:30:23,130 [user:] [pipeline:] [runner:] [thread:main] INFO  Main -   Built by       : root
2018-06-17 15:30:23,130 [user:] [pipeline:] [runner:] [thread:main] INFO  Main -   Repo SHA       : 92ca3b4f4c180d9a57699ca248bdfe6c303e7cd9
2018-06-17 15:30:23,130 [user:] [pipeline:] [runner:] [thread:main] INFO  Main -   Source MD5     : d51058ddf1f6a78adb3a6110be5765
2018-06-17 15:30:23,130 [user:] [pipeline:] [runner:] [thread:main] INFO  Main - -----------------------------------------------------------------
2018-06-17 15:30:23,130 [user:] [pipeline:] [runner:] [thread:main] INFO  Main - Runtime info:
2018-06-17 15:30:23,131 [user:] [pipeline:] [runner:] [thread:main] INFO  Main -   Java version  : 1.8.0_171-b10
2018-06-17 15:30:23,131 [user:] [pipeline:] [runner:] [thread:main] INFO  Main -   SDC ID        : 51ea738d-7211-11e8-be64-e1992eb53aee
2018-06-17 15:30:23,131 [user:] [pipeline:] [runner:] [thread:main] INFO  Main -   Runtime dir   : /root/streamsets-datacollector-3.3.0
2018-06-17 15:30:23,131 [user:] [pipeline:] [runner:] [thread:main] INFO  Main -   Config dir    : /root/streamsets-datacollector-3.3.0/etc
2018-06-17 15:30:23,131 [user:] [pipeline:] [runner:] [thread:main] INFO  Main -   Data dir      : /root/streamsets-datacollector-3.3.0/data
2018-06-17 15:30:23,131 [user:] [pipeline:] [runner:] [thread:main] INFO  Main -   Log dir       : /root/streamsets-datacollector-3.3.0/log
2018-06-17 15:30:23,131 [user:] [pipeline:] [runner:] [thread:main] INFO  Main -   Extra Libs dir: /root/streamsets-datacollector-3.3.0/streamsets-libs-extras/
2018-06-17 15:30:23,131 [user:] [pipeline:] [runner:] [thread:main] INFO  Main - -----------------------------------------------------------------
2018-06-17 15:30:23,131 [user:] [pipeline:] [runner:] [thread:main] INFO  Main -   Security Manager : ENABLED, policy file: file:///root/streamsets-datacollector-3.3.0/etc/sdc-security.policy
2018-06-17 15:30:23,131 [user:] [pipeline:] [runner:] [thread:main] INFO  Main - -----------------------------------------------------------------
2018-06-17 15:30:23,131 [user:] [pipeline:] [runner:] [thread:main] INFO  Main - Starting ...
2018-06-17 15:30:23,142 [user:] [pipeline:] [runner:] [thread:main] INFO  Main - -----------------------------------------------------------------
2018-06-17 15:30:23,142 [user:] [pipeline:] [runner:] [thread:main] INFO  Main -   Kerberos enabled: false
2018-06-17 15:30:23,158 [user:] [pipeline:] [runner:] [thread:main] INFO  Main -   Unlimited cryptography enabled: true
2018-06-17 15:30:23,158 [user:] [pipeline:] [runner:] [thread:main] INFO  Main - -----------------------------------------------------------------
2018-06-17 15:30:23,158 [user:] [pipeline:] [runner:] [thread:main] INFO  Main - Starting ...
2018-06-17 15:30:23,305 [user:] [pipeline:] [runner:] [thread:main] INFO  ClassLoaderStageLibraryTask - Validating classpath of all stages
2018-06-17 15:30:23,504 [user:] [pipeline:] [runner:] [thread:main] INFO  ClassLoaderStageLibraryTask - Finished classpath validation in 199 ms
2018-06-17 15:30:23,504 [user:] [pipeline:] [runner:] [thread:main] WARN  ClasspathValidatorResult - Validation results for scala-script
2018-06-17 15:30:23,504 [user:] [pipeline:] [runner:] [thread:main] WARN  ClasspathValidatorResult - Can't parse the following artifacts:
2018-06-17 15:30:23,505 [user:] [pipeline:] [runner:] [thread:main] WARN  ClasspathValidatorResult -   file:/root/streamsets-datacollector-3.3.0/streamsets-libs/scala-script/lib/scala-script.jar
2018-06-17 15:30:23,505 [user:] [pipeline:] [runner:] [thread:main] WARN  ClasspathValidatorResult -   file:/root/streamsets-datacollector-3.3.0/streamsets-libs/scala-script/lib/ivy-2.5.0-rc1.jar
2018-06-17 15:30:23,509 [user:] [pipeline:] [runner:] [thread:main] ERROR ClassLoaderStageLibraryTask - The following stages have invalid classpath: scala-script
2018-06-17 15:30:30,040 [user:] [pipeline:] [runner:] [thread:main] INFO  ClassLoaderStageLibraryTask - Loaded '9' libraries with a total of '102' stages, '0' lineage publishers, '2' services and '0' credentialStores in '6500ms'
2018-06-17 15:30:30,479 [user:] [pipeline:] [runner:] [thread:main] INFO  LineagePublisherTaskImpl - No publishers configured
2018-06-17 15:30:31,581 [user:] [pipeline:] [runner:] [thread:main] INFO  Reflections - Reflections took 195 ms to scan 2 urls, producing 1265 keys and 2088 values 
2018-06-17 15:30:33,270 [user:] [pipeline:] [runner:] [thread:main] INFO  Reflections - Reflections took 152 ms to scan 2 urls, producing 1265 keys and 2088 values 
2018-06-17 15:30:34,596 [user:] [pipeline:] [runner:] [thread:main] INFO  WebServerTask - Running on URI : 'http://master:18630'
2018-06-17 15:30:39,703 [user:admin] [pipeline:*] [runner:] [thread:webserver-28] INFO  StandaloneAndClusterRunnerProviderImpl - Pipeline execution mode is: STANDALONE 
2018-06-17 15:30:41,535 [user:admin] [pipeline:testcopy/testcopy9a396a31-25f2-42a8-99f6-2bd91c094bfc] [runner:] [thread:EL-cache-trimmer] INFO  LruExpressionEvaluatorImpl -  Starting housekeeper thread for expected types cache (runs every 5mins)
2018-06-17 15:30:44,112 [user:admin] [pipeline:testcopy/testcopy9a396a31-25f2-42a8-99f6-2bd91c094bfc] [runner:] [thread:webserver-16] INFO  StandaloneRunner - Preparing to start pipeline 'testcopy9a396a31-25f2-42a8-99f6-2bd91c094bfc::0'
2018-06-17 15:30:44,152 [user:*admin] [pipeline:testcopy/testcopy9a396a31-25f2-42a8-99f6-2bd91c094bfc] [runner:] [thread:runner-pool-2-thread-1] INFO  StandaloneRunner - Starting pipeline testcopy9a396a31-25f2-42a8-99f6-2bd91c094bfc 0
2018-06-17 15:30:44,342 [user:*admin] [pipeline:testcopy/testcopy9a396a31-25f2-42a8-99f6-2bd91c094bfc] [runner:] [thread:runner-pool-2-thread-1] INFO  ProductionPipelineRunner - Adding error listeners0
2018-06-17 15:30:44,522 [user:*admin] [pipeline:testcopy/testcopy9a396a31-25f2-42a8-99f6-2bd91c094bfc] [runner:] [thread:ProductionPipelineRunnable-testcopy9a396a31-25f2-42a8-99f6-2bd91c094bfc-testcopy] INFO  Pipeline - Processing lifecycle start event with stage
2018-06-17 15:30:45,403 [user:*admin] [pipeline:testcopy/testcopy9a396a31-25f2-42a8-99f6-2bd91c094bfc] [runner:0] [thread:ProductionPipelineRunnable-testcopy9a396a31-25f2-42a8-99f6-2bd91c094bfc-testcopy] INFO  ScalaScriptDProcessor - cl1:class com.streamsets.pipeline.SDCClassLoader
2018-06-17 15:30:45,404 [user:*admin] [pipeline:testcopy/testcopy9a396a31-25f2-42a8-99f6-2bd91c094bfc] [runner:0] [thread:ProductionPipelineRunnable-testcopy9a396a31-25f2-42a8-99f6-2bd91c094bfc-testcopy] INFO  ScalaScriptDProcessor - cl2:class com.streamsets.pipeline.SDCClassLoader
2018-06-17 15:30:45,404 [user:*admin] [pipeline:testcopy/testcopy9a396a31-25f2-42a8-99f6-2bd91c094bfc] [runner:0] [thread:ProductionPipelineRunnable-testcopy9a396a31-25f2-42a8-99f6-2bd91c094bfc-testcopy] INFO  ScalaScriptDProcessor - cl1:file:/root/streamsets-datacollector-3.3.0/streamsets-libs/scala-script/lib/scala-script.jar
2018-06-17 15:30:45,404 [user:*admin] [pipeline:testcopy/testcopy9a396a31-25f2-42a8-99f6-2bd91c094bfc] [runner:0] [thread:ProductionPipelineRunnable-testcopy9a396a31-25f2-42a8-99f6-2bd91c094bfc-testcopy] INFO  ScalaScriptDProcessor - cl1:file:/root/streamsets-datacollector-3.3.0/streamsets-libs/scala-script/lib/ivy-2.5.0-rc1.jar
2018-06-17 15:30:45,404 [user:*admin] [pipeline:testcopy/testcopy9a396a31-25f2-42a8-99f6-2bd91c094bfc] [runner:0] [thread:ProductionPipelineRunnable-testcopy9a396a31-25f2-42a8-99f6-2bd91c094bfc-testcopy] INFO  ScalaScriptDProcessor - cl1:file:/root/streamsets-datacollector-3.3.0/streamsets-libs/scala-script/lib/commons-lang3-3.7.jar
2018-06-17 15:30:45,404 [user:*admin] [pipeline:testcopy/testcopy9a396a31-25f2-42a8-99f6-2bd91c094bfc] [runner:0] [thread:ProductionPipelineRunnable-testcopy9a396a31-25f2-42a8-99f6-2bd91c094bfc-testcopy] INFO  ScalaScriptDProcessor - cl1:file:/root/streamsets-datacollector-3.3.0/streamsets-libs/scala-script/lib/oro-2.0.8.jar
2018-06-17 15:30:45,404 [user:*admin] [pipeline:testcopy/testcopy9a396a31-25f2-42a8-99f6-2bd91c094bfc] [runner:0] [thread:ProductionPipelineRunnable-testcopy9a396a31-25f2-42a8-99f6-2bd91c094bfc-testcopy] INFO  ScalaScriptDProcessor - cl1:file:/root/streamsets-datacollector-3.3.0/streamsets-libs/scala-script/lib/scala-library-2.11.12.jar
2018-06-17 15:30:45,404 [user:*admin] [pipeline:testcopy/testcopy9a396a31-25f2-42a8-99f6-2bd91c094bfc] [runner:0] [thread:ProductionPipelineRunnable-testcopy9a396a31-25f2-42a8-99f6-2bd91c094bfc-testcopy] INFO  ScalaScriptDProcessor - cl1:file:/root/streamsets-datacollector-3.3.0/streamsets-libs/scala-script/lib/scala-reflect-2.11.12.jar
2018-06-17 15:30:45,404 [user:*admin] [pipeline:testcopy/testcopy9a396a31-25f2-42a8-99f6-2bd91c094bfc] [runner:0] [thread:ProductionPipelineRunnable-testcopy9a396a31-25f2-42a8-99f6-2bd91c094bfc-testcopy] INFO  ScalaScriptDProcessor - cl1:file:/root/streamsets-datacollector-3.3.0/streamsets-libs/scala-script/lib/scala-compiler-2.11.12.jar
2018-06-17 15:30:45,404 [user:*admin] [pipeline:testcopy/testcopy9a396a31-25f2-42a8-99f6-2bd91c094bfc] [runner:0] [thread:ProductionPipelineRunnable-testcopy9a396a31-25f2-42a8-99f6-2bd91c094bfc-testcopy] INFO  ScalaScriptDProcessor - cl1:file:/root/streamsets-datacollector-3.3.0/streamsets-libs/scala-script/lib/scala-xml_2.11-1.0.5.jar
2018-06-17 15:30:45,404 [user:*admin] [pipeline:testcopy/testcopy9a396a31-25f2-42a8-99f6-2bd91c094bfc] [runner:0] [thread:ProductionPipelineRunnable-testcopy9a396a31-25f2-42a8-99f6-2bd91c094bfc-testcopy] INFO  ScalaScriptDProcessor - cl1:file:/root/streamsets-datacollector-3.3.0/streamsets-libs/scala-script/lib/scala-parser-combinators_2.11-1.0.4.jar
2018-06-17 15:30:45,404 [user:*admin] [pipeline:testcopy/testcopy9a396a31-25f2-42a8-99f6-2bd91c094bfc] [runner:0] [thread:ProductionPipelineRunnable-testcopy9a396a31-25f2-42a8-99f6-2bd91c094bfc-testcopy] INFO  ScalaScriptDProcessor - cl1:file:/root/streamsets-datacollector-3.3.0/api-lib/log4j-1.2.17.jar
2018-06-17 15:30:45,404 [user:*admin] [pipeline:testcopy/testcopy9a396a31-25f2-42a8-99f6-2bd91c094bfc] [runner:0] [thread:ProductionPipelineRunnable-testcopy9a396a31-25f2-42a8-99f6-2bd91c094bfc-testcopy] INFO  ScalaScriptDProcessor - cl1:file:/root/streamsets-datacollector-3.3.0/api-lib/slf4j-api-1.7.7.jar
2018-06-17 15:30:45,404 [user:*admin] [pipeline:testcopy/testcopy9a396a31-25f2-42a8-99f6-2bd91c094bfc] [runner:0] [thread:ProductionPipelineRunnable-testcopy9a396a31-25f2-42a8-99f6-2bd91c094bfc-testcopy] INFO  ScalaScriptDProcessor - cl1:file:/root/streamsets-datacollector-3.3.0/api-lib/jul-to-slf4j-1.7.7.jar
2018-06-17 15:30:45,404 [user:*admin] [pipeline:testcopy/testcopy9a396a31-25f2-42a8-99f6-2bd91c094bfc] [runner:0] [thread:ProductionPipelineRunnable-testcopy9a396a31-25f2-42a8-99f6-2bd91c094bfc-testcopy] INFO  ScalaScriptDProcessor - cl1:file:/root/streamsets-datacollector-3.3.0/api-lib/slf4j-log4j12-1.7.7.jar
2018-06-17 15:30:45,404 [user:*admin] [pipeline:testcopy/testcopy9a396a31-25f2-42a8-99f6-2bd91c094bfc] [runner:0] [thread:ProductionPipelineRunnable-testcopy9a396a31-25f2-42a8-99f6-2bd91c094bfc-testcopy] INFO  ScalaScriptDProcessor - cl1:file:/root/streamsets-datacollector-3.3.0/api-lib/annotations-java5-15.0.jar
2018-06-17 15:30:45,404 [user:*admin] [pipeline:testcopy/testcopy9a396a31-25f2-42a8-99f6-2bd91c094bfc] [runner:0] [thread:ProductionPipelineRunnable-testcopy9a396a31-25f2-42a8-99f6-2bd91c094bfc-testcopy] INFO  ScalaScriptDProcessor - cl1:file:/root/streamsets-datacollector-3.3.0/api-lib/metrics-core-3.1.2.jar
2018-06-17 15:30:45,404 [user:*admin] [pipeline:testcopy/testcopy9a396a31-25f2-42a8-99f6-2bd91c094bfc] [runner:0] [thread:ProductionPipelineRunnable-testcopy9a396a31-25f2-42a8-99f6-2bd91c094bfc-testcopy] INFO  ScalaScriptDProcessor - cl1:file:/root/streamsets-datacollector-3.3.0/api-lib/streamsets-datacollector-api-3.3.0.jar
2018-06-17 15:30:45,404 [user:*admin] [pipeline:testcopy/testcopy9a396a31-25f2-42a8-99f6-2bd91c094bfc] [runner:0] [thread:ProductionPipelineRunnable-testcopy9a396a31-25f2-42a8-99f6-2bd91c094bfc-testcopy] INFO  ScalaScriptDProcessor - cl1:file:/root/streamsets-datacollector-3.3.0/libexec/bootstrap-libs/main/streamsets-datacollector-bootstrap-3.3.0.jar
2018-06-17 15:30:45,404 [user:*admin] [pipeline:testcopy/testcopy9a396a31-25f2-42a8-99f6-2bd91c094bfc] [runner:0] [thread:ProductionPipelineRunnable-testcopy9a396a31-25f2-42a8-99f6-2bd91c094bfc-testcopy] INFO  ScalaScriptDProcessor - cl1:file:/root/streamsets-datacollector-3.3.0/root-lib/snappy-java-1.0.5.jar
2018-06-17 15:30:45,404 [user:*admin] [pipeline:testcopy/testcopy9a396a31-25f2-42a8-99f6-2bd91c094bfc] [runner:0] [thread:ProductionPipelineRunnable-testcopy9a396a31-25f2-42a8-99f6-2bd91c094bfc-testcopy] INFO  ScalaScriptDProcessor - cl1:file:/root/streamsets-datacollector-3.3.0/libexec/bootstrap-libs/main/streamsets-datacollector-bootstrap-3.3.0.jar
2018-06-17 15:30:45,404 [user:*admin] [pipeline:testcopy/testcopy9a396a31-25f2-42a8-99f6-2bd91c094bfc] [runner:0] [thread:ProductionPipelineRunnable-testcopy9a396a31-25f2-42a8-99f6-2bd91c094bfc-testcopy] INFO  ScalaScriptDProcessor - cl1:file:/usr/lib/jvm/java-1.8.0-openjdk-1.8.0.171-8.b10.el7_5.x86_64/jre/lib/ext/cldrdata.jar
2018-06-17 15:30:45,404 [user:*admin] [pipeline:testcopy/testcopy9a396a31-25f2-42a8-99f6-2bd91c094bfc] [runner:0] [thread:ProductionPipelineRunnable-testcopy9a396a31-25f2-42a8-99f6-2bd91c094bfc-testcopy] INFO  ScalaScriptDProcessor - cl1:file:/usr/lib/jvm/java-1.8.0-openjdk-1.8.0.171-8.b10.el7_5.x86_64/jre/lib/ext/dnsns.jar
2018-06-17 15:30:45,404 [user:*admin] [pipeline:testcopy/testcopy9a396a31-25f2-42a8-99f6-2bd91c094bfc] [runner:0] [thread:ProductionPipelineRunnable-testcopy9a396a31-25f2-42a8-99f6-2bd91c094bfc-testcopy] INFO  ScalaScriptDProcessor - cl1:file:/usr/lib/jvm/java-1.8.0-openjdk-1.8.0.171-8.b10.el7_5.x86_64/jre/lib/ext/jaccess.jar
2018-06-17 15:30:45,404 [user:*admin] [pipeline:testcopy/testcopy9a396a31-25f2-42a8-99f6-2bd91c094bfc] [runner:0] [thread:ProductionPipelineRunnable-testcopy9a396a31-25f2-42a8-99f6-2bd91c094bfc-testcopy] INFO  ScalaScriptDProcessor - cl1:file:/usr/lib/jvm/java-1.8.0-openjdk-1.8.0.171-8.b10.el7_5.x86_64/jre/lib/ext/localedata.jar
2018-06-17 15:30:45,404 [user:*admin] [pipeline:testcopy/testcopy9a396a31-25f2-42a8-99f6-2bd91c094bfc] [runner:0] [thread:ProductionPipelineRunnable-testcopy9a396a31-25f2-42a8-99f6-2bd91c094bfc-testcopy] INFO  ScalaScriptDProcessor - cl1:file:/usr/lib/jvm/java-1.8.0-openjdk-1.8.0.171-8.b10.el7_5.x86_64/jre/lib/ext/nashorn.jar
2018-06-17 15:30:45,404 [user:*admin] [pipeline:testcopy/testcopy9a396a31-25f2-42a8-99f6-2bd91c094bfc] [runner:0] [thread:ProductionPipelineRunnable-testcopy9a396a31-25f2-42a8-99f6-2bd91c094bfc-testcopy] INFO  ScalaScriptDProcessor - cl1:file:/usr/lib/jvm/java-1.8.0-openjdk-1.8.0.171-8.b10.el7_5.x86_64/jre/lib/ext/sunec.jar
2018-06-17 15:30:45,405 [user:*admin] [pipeline:testcopy/testcopy9a396a31-25f2-42a8-99f6-2bd91c094bfc] [runner:0] [thread:ProductionPipelineRunnable-testcopy9a396a31-25f2-42a8-99f6-2bd91c094bfc-testcopy] INFO  ScalaScriptDProcessor - cl1:file:/usr/lib/jvm/java-1.8.0-openjdk-1.8.0.171-8.b10.el7_5.x86_64/jre/lib/ext/sunjce_provider.jar
2018-06-17 15:30:45,405 [user:*admin] [pipeline:testcopy/testcopy9a396a31-25f2-42a8-99f6-2bd91c094bfc] [runner:0] [thread:ProductionPipelineRunnable-testcopy9a396a31-25f2-42a8-99f6-2bd91c094bfc-testcopy] INFO  ScalaScriptDProcessor - cl1:file:/usr/lib/jvm/java-1.8.0-openjdk-1.8.0.171-8.b10.el7_5.x86_64/jre/lib/ext/sunpkcs11.jar
2018-06-17 15:30:45,405 [user:*admin] [pipeline:testcopy/testcopy9a396a31-25f2-42a8-99f6-2bd91c094bfc] [runner:0] [thread:ProductionPipelineRunnable-testcopy9a396a31-25f2-42a8-99f6-2bd91c094bfc-testcopy] INFO  ScalaScriptDProcessor - cl1:file:/usr/lib/jvm/java-1.8.0-openjdk-1.8.0.171-8.b10.el7_5.x86_64/jre/lib/ext/zipfs.jar
2018-06-17 15:30:45,405 [user:*admin] [pipeline:testcopy/testcopy9a396a31-25f2-42a8-99f6-2bd91c094bfc] [runner:0] [thread:ProductionPipelineRunnable-testcopy9a396a31-25f2-42a8-99f6-2bd91c094bfc-testcopy] INFO  ScalaScriptDProcessor - cl1:file:/usr/lib/jvm/java-1.8.0-openjdk-1.8.0.171-8.b10.el7_5.x86_64/jre/lib/ext/java-atk-wrapper.jar
2018-06-17 15:30:45,405 [user:*admin] [pipeline:testcopy/testcopy9a396a31-25f2-42a8-99f6-2bd91c094bfc] [runner:0] [thread:ProductionPipelineRunnable-testcopy9a396a31-25f2-42a8-99f6-2bd91c094bfc-testcopy] INFO  ScalaScriptDProcessor - cl2:file:/root/streamsets-datacollector-3.3.0/etc/
2018-06-17 15:30:45,405 [user:*admin] [pipeline:testcopy/testcopy9a396a31-25f2-42a8-99f6-2bd91c094bfc] [runner:0] [thread:ProductionPipelineRunnable-testcopy9a396a31-25f2-42a8-99f6-2bd91c094bfc-testcopy] INFO  ScalaScriptDProcessor - cl2:file:/root/streamsets-datacollector-3.3.0/container-lib/jersey-media-jaxb-2.25.1.jar
2018-06-17 15:30:45,405 [user:*admin] [pipeline:testcopy/testcopy9a396a31-25f2-42a8-99f6-2bd91c094bfc] [runner:0] [thread:ProductionPipelineRunnable-testcopy9a396a31-25f2-42a8-99f6-2bd91c094bfc-testcopy] INFO  ScalaScriptDProcessor - cl2:file:/root/streamsets-datacollector-3.3.0/container-lib/jersey-common-2.25.1.jar
2018-06-17 15:30:45,405 [user:*admin] [pipeline:testcopy/testcopy9a396a31-25f2-42a8-99f6-2bd91c094bfc] [runner:0] [thread:ProductionPipelineRunnable-testcopy9a396a31-25f2-42a8-99f6-2bd91c094bfc-testcopy] INFO  ScalaScriptDProcessor - cl2:file:/root/streamsets-datacollector-3.3.0/container-lib/hk2-locator-2.5.0-b32.jar
2018-06-17 15:30:45,405 [user:*admin] [pipeline:testcopy/testcopy9a396a31-25f2-42a8-99f6-2bd91c094bfc] [runner:0] [thread:ProductionPipelineRunnable-testcopy9a396a31-25f2-42a8-99f6-2bd91c094bfc-testcopy] INFO  ScalaScriptDProcessor - cl2:file:/root/streamsets-datacollector-3.3.0/container-lib/jersey-container-servlet-core-2.25.1.jar
2018-06-17 15:30:45,405 [user:*admin] [pipeline:testcopy/testcopy9a396a31-25f2-42a8-99f6-2bd91c094bfc] [runner:0] [thread:ProductionPipelineRunnable-testcopy9a396a31-25f2-42a8-99f6-2bd91c094bfc-testcopy] INFO  ScalaScriptDProcessor - cl2:file:/root/streamsets-datacollector-3.3.0/container-lib/jetty-jaas-9.4.2.v20170220.jar
2018-06-17 15:30:45,405 [user:*admin] [pipeline:testcopy/testcopy9a396a31-25f2-42a8-99f6-2bd91c094bfc] [runner:0] [thread:ProductionPipelineRunnable-testcopy9a396a31-25f2-42a8-99f6-2bd91c094bfc-testcopy] INFO  ScalaScriptDProcessor - cl2:file:/root/streamsets-datacollector-3.3.0/container-lib/hppc-0.7.2.jar
2018-06-17 15:30:45,405 [user:*admin] [pipeline:testcopy/testcopy9a396a31-25f2-42a8-99f6-2bd91c094bfc] [runner:0] [thread:ProductionPipelineRunnable-testcopy9a396a31-25f2-42a8-99f6-2bd91c094bfc-testcopy] INFO  ScalaScriptDProcessor - cl2:file:/root/streamsets-datacollector-3.3.0/container-lib/jetty-servlets-9.4.2.v20170220.jar
2018-06-17 15:30:45,405 [user:*admin] [pipeline:testcopy/testcopy9a396a31-25f2-42a8-99f6-2bd91c094bfc] [runner:0] [thread:ProductionPipelineRunnable-testcopy9a396a31-25f2-42a8-99f6-2bd91c094bfc-testcopy] INFO  ScalaScriptDProcessor - cl2:file:/root/streamsets-datacollector-3.3.0/container-lib/jackson-annotations-2.8.9.jar
2018-06-17 15:30:45,405 [user:*admin] [pipeline:testcopy/testcopy9a396a31-25f2-42a8-99f6-2bd91c094bfc] [runner:0] [thread:ProductionPipelineRunnable-testcopy9a396a31-25f2-42a8-99f6-2bd91c094bfc-testcopy] INFO  ScalaScriptDProcessor - cl2:file:/root/streamsets-datacollector-3.3.0/container-lib/javassist-3.21.0-GA.jar
2018-06-17 15:30:45,405 [user:*admin] [pipeline:testcopy/testcopy9a396a31-25f2-42a8-99f6-2bd91c094bfc] [runner:0] [thread:ProductionPipelineRunnable-testcopy9a396a31-25f2-42a8-99f6-2bd91c094bfc-testcopy] INFO  ScalaScriptDProcessor - cl2:file:/root/streamsets-datacollector-3.3.0/container-lib/httpcore-4.3.3.jar
2018-06-17 15:30:45,405 [user:*admin] [pipeline:testcopy/testcopy9a396a31-25f2-42a8-99f6-2bd91c094bfc] [runner:0] [thread:ProductionPipelineRunnable-testcopy9a396a31-25f2-42a8-99f6-2bd91c094bfc-testcopy] INFO  ScalaScriptDProcessor - cl2:file:/root/streamsets-datacollector-3.3.0/container-lib/kryo-3.0.1.jar
2018-06-17 15:30:45,405 [user:*admin] [pipeline:testcopy/testcopy9a396a31-25f2-42a8-99f6-2bd91c094bfc] [runner:0] [thread:ProductionPipelineRunnable-testcopy9a396a31-25f2-42a8-99f6-2bd91c094bfc-testcopy] INFO  ScalaScriptDProcessor - cl2:file:/root/streamsets-datacollector-3.3.0/container-lib/jetty-client-9.4.2.v20170220.jar
2018-06-17 15:30:45,405 [user:*admin] [pipeline:testcopy/testcopy9a396a31-25f2-42a8-99f6-2bd91c094bfc] [runner:0] [thread:ProductionPipelineRunnable-testcopy9a396a31-25f2-42a8-99f6-2bd91c094bfc-testcopy] INFO  ScalaScriptDProcessor - cl2:file:/root/streamsets-datacollector-3.3.0/container-lib/commons-compress-1.16.1.jar
2018-06-17 15:30:45,405 [user:*admin] [pipeline:testcopy/testcopy9a396a31-25f2-42a8-99f6-2bd91c094bfc] [runner:0] [thread:ProductionPipelineRunnable-testcopy9a396a31-25f2-42a8-99f6-2bd91c094bfc-testcopy] INFO  ScalaScriptDProcessor - cl2:file:/root/streamsets-datacollector-3.3.0/container-lib/swagger-models-1.5.13.jar
2018-06-17 15:30:45,405 [user:*admin] [pipeline:testcopy/testcopy9a396a31-25f2-42a8-99f6-2bd91c094bfc] [runner:0] [thread:ProductionPipelineRunnable-testcopy9a396a31-25f2-42a8-99f6-2bd91c094bfc-testcopy] INFO  ScalaScriptDProcessor - cl2:file:/root/streamsets-datacollector-3.3.0/container-lib/reflectasm-1.10.1.jar
2018-06-17 15:30:45,405 [user:*admin] [pipeline:testcopy/testcopy9a396a31-25f2-42a8-99f6-2bd91c094bfc] [runner:0] [thread:ProductionPipelineRunnable-testcopy9a396a31-25f2-42a8-99f6-2bd91c094bfc-testcopy] INFO  ScalaScriptDProcessor - cl2:file:/root/streamsets-datacollector-3.3.0/container-lib/jackson-databind-2.8.9.jar
2018-06-17 15:30:45,405 [user:*admin] [pipeline:testcopy/testcopy9a396a31-25f2-42a8-99f6-2bd91c094bfc] [runner:0] [thread:ProductionPipelineRunnable-testcopy9a396a31-25f2-42a8-99f6-2bd91c094bfc-testcopy] INFO  ScalaScriptDProcessor - cl2:file:/root/streamsets-datacollector-3.3.0/container-lib/objenesis-2.6.jar
2018-06-17 15:30:45,405 [user:*admin] [pipeline:testcopy/testcopy9a396a31-25f2-42a8-99f6-2bd91c094bfc] [runner:0] [thread:ProductionPipelineRunnable-testcopy9a396a31-25f2-42a8-99f6-2bd91c094bfc-testcopy] INFO  ScalaScriptDProcessor - cl2:file:/root/streamsets-datacollector-3.3.0/container-lib/streamsets-datacollector-messaging-client-3.3.0.jar
2018-06-17 15:30:45,405 [user:*admin] [pipeline:testcopy/testcopy9a396a31-25f2-42a8-99f6-2bd91c094bfc] [runner:0] [thread:ProductionPipelineRunnable-testcopy9a396a31-25f2-42a8-99f6-2bd91c094bfc-testcopy] INFO  ScalaScriptDProcessor - cl2:file:/root/streamsets-datacollector-3.3.0/container-lib/metrics-jvm-3.1.2.jar
2018-06-17 15:30:45,405 [user:*admin] [pipeline:testcopy/testcopy9a396a31-25f2-42a8-99f6-2bd91c094bfc] [runner:0] [thread:ProductionPipelineRunnable-testcopy9a396a31-25f2-42a8-99f6-2bd91c094bfc-testcopy] INFO  ScalaScriptDProcessor - cl2:file:/root/streamsets-datacollector-3.3.0/container-lib/jackson-core-2.8.9.jar
2018-06-17 15:30:45,405 [user:*admin] [pipeline:testcopy/testcopy9a396a31-25f2-42a8-99f6-2bd91c094bfc] [runner:0] [thread:ProductionPipelineRunnable-testcopy9a396a31-25f2-42a8-99f6-2bd91c094bfc-testcopy] INFO  ScalaScriptDProcessor - cl2:file:/root/streamsets-datacollector-3.3.0/container-lib/guava-18.0.jar
2018-06-17 15:30:45,405 [user:*admin] [pipeline:testcopy/testcopy9a396a31-25f2-42a8-99f6-2bd91c094bfc] [runner:0] [thread:ProductionPipelineRunnable-testcopy9a396a31-25f2-42a8-99f6-2bd91c094bfc-testcopy] INFO  ScalaScriptDProcessor - cl2:file:/root/streamsets-datacollector-3.3.0/container-lib/commons-lang3-3.4.jar
2018-06-17 15:30:45,405 [user:*admin] [pipeline:testcopy/testcopy9a396a31-25f2-42a8-99f6-2bd91c094bfc] [runner:0] [thread:ProductionPipelineRunnable-testcopy9a396a31-25f2-42a8-99f6-2bd91c094bfc-testcopy] INFO  ScalaScriptDProcessor - cl2:file:/root/streamsets-datacollector-3.3.0/container-lib/javax.servlet-api-3.1.0.jar
2018-06-17 15:30:45,405 [user:*admin] [pipeline:testcopy/testcopy9a396a31-25f2-42a8-99f6-2bd91c094bfc] [runner:0] [thread:ProductionPipelineRunnable-testcopy9a396a31-25f2-42a8-99f6-2bd91c094bfc-testcopy] INFO  ScalaScriptDProcessor - cl2:file:/root/streamsets-datacollector-3.3.0/container-lib/jersey-guava-2.25.1.jar
2018-06-17 15:30:45,405 [user:*admin] [pipeline:testcopy/testcopy9a396a31-25f2-42a8-99f6-2bd91c094bfc] [runner:0] [thread:ProductionPipelineRunnable-testcopy9a396a31-25f2-42a8-99f6-2bd91c094bfc-testcopy] INFO  ScalaScriptDProcessor - cl2:file:/root/streamsets-datacollector-3.3.0/container-lib/jsr305-3.0.0.jar
2018-06-17 15:30:45,405 [user:*admin] [pipeline:testcopy/testcopy9a396a31-25f2-42a8-99f6-2bd91c094bfc] [runner:0] [thread:ProductionPipelineRunnable-testcopy9a396a31-25f2-42a8-99f6-2bd91c094bfc-testcopy] INFO  ScalaScriptDProcessor - cl2:file:/root/streamsets-datacollector-3.3.0/container-lib/commons-configuration2-2.0.jar
2018-06-17 15:30:45,405 [user:*admin] [pipeline:testcopy/testcopy9a396a31-25f2-42a8-99f6-2bd91c094bfc] [runner:0] [thread:ProductionPipelineRunnable-testcopy9a396a31-25f2-42a8-99f6-2bd91c094bfc-testcopy] INFO  ScalaScriptDProcessor - cl2:file:/root/streamsets-datacollector-3.3.0/container-lib/streamsets-utils-3.3.0.jar
2018-06-17 15:30:45,405 [user:*admin] [pipeline:testcopy/testcopy9a396a31-25f2-42a8-99f6-2bd91c094bfc] [runner:0] [thread:ProductionPipelineRunnable-testcopy9a396a31-25f2-42a8-99f6-2bd91c094bfc-testcopy] INFO  ScalaScriptDProcessor - cl2:file:/root/streamsets-datacollector-3.3.0/container-lib/jsp-api-2.0.jar
2018-06-17 15:30:45,405 [user:*admin] [pipeline:testcopy/testcopy9a396a31-25f2-42a8-99f6-2bd91c094bfc] [runner:0] [thread:ProductionPipelineRunnable-testcopy9a396a31-25f2-42a8-99f6-2bd91c094bfc-testcopy] INFO  ScalaScriptDProcessor - cl2:file:/root/streamsets-datacollector-3.3.0/container-lib/reflections-0.9.10.jar
2018-06-17 15:30:45,405 [user:*admin] [pipeline:testcopy/testcopy9a396a31-25f2-42a8-99f6-2bd91c094bfc] [runner:0] [thread:ProductionPipelineRunnable-testcopy9a396a31-25f2-42a8-99f6-2bd91c094bfc-testcopy] INFO  ScalaScriptDProcessor - cl2:file:/root/streamsets-datacollector-3.3.0/container-lib/snakeyaml-1.17.jar
2018-06-17 15:30:45,405 [user:*admin] [pipeline:testcopy/testcopy9a396a31-25f2-42a8-99f6-2bd91c094bfc] [runner:0] [thread:ProductionPipelineRunnable-testcopy9a396a31-25f2-42a8-99f6-2bd91c094bfc-testcopy] INFO  ScalaScriptDProcessor - cl2:file:/root/streamsets-datacollector-3.3.0/container-lib/websocket-server-9.4.2.v20170220.jar
2018-06-17 15:30:45,405 [user:*admin] [pipeline:testcopy/testcopy9a396a31-25f2-42a8-99f6-2bd91c094bfc] [runner:0] [thread:ProductionPipelineRunnable-testcopy9a396a31-25f2-42a8-99f6-2bd91c094bfc-testcopy] INFO  ScalaScriptDProcessor - cl2:file:/root/streamsets-datacollector-3.3.0/container-lib/commons-pool2-2.4.1.jar
2018-06-17 15:30:45,405 [user:*admin] [pipeline:testcopy/testcopy9a396a31-25f2-42a8-99f6-2bd91c094bfc] [runner:0] [thread:ProductionPipelineRunnable-testcopy9a396a31-25f2-42a8-99f6-2bd91c094bfc-testcopy] INFO  ScalaScriptDProcessor - cl2:file:/root/streamsets-datacollector-3.3.0/container-lib/swagger-core-1.5.13.jar
2018-06-17 15:30:45,405 [user:*admin] [pipeline:testcopy/testcopy9a396a31-25f2-42a8-99f6-2bd91c094bfc] [runner:0] [thread:ProductionPipelineRunnable-testcopy9a396a31-25f2-42a8-99f6-2bd91c094bfc-testcopy] INFO  ScalaScriptDProcessor - cl2:file:/root/streamsets-datacollector-3.3.0/container-lib/commons-logging-1.0.3.jar
2018-06-17 15:30:45,405 [user:*admin] [pipeline:testcopy/testcopy9a396a31-25f2-42a8-99f6-2bd91c094bfc] [runner:0] [thread:ProductionPipelineRunnable-testcopy9a396a31-25f2-42a8-99f6-2bd91c094bfc-testcopy] INFO  ScalaScriptDProcessor - cl2:file:/root/streamsets-datacollector-3.3.0/container-lib/commons-codec-1.10.jar
2018-06-17 15:30:45,405 [user:*admin] [pipeline:testcopy/testcopy9a396a31-25f2-42a8-99f6-2bd91c094bfc] [runner:0] [thread:ProductionPipelineRunnable-testcopy9a396a31-25f2-42a8-99f6-2bd91c094bfc-testcopy] INFO  ScalaScriptDProcessor - cl2:file:/root/streamsets-datacollector-3.3.0/container-lib/jtar-2.2.jar
2018-06-17 15:30:45,405 [user:*admin] [pipeline:testcopy/testcopy9a396a31-25f2-42a8-99f6-2bd91c094bfc] [runner:0] [thread:ProductionPipelineRunnable-testcopy9a396a31-25f2-42a8-99f6-2bd91c094bfc-testcopy] INFO  ScalaScriptDProcessor - cl2:file:/root/streamsets-datacollector-3.3.0/container-lib/jetty-server-9.4.2.v20170220.jar
2018-06-17 15:30:45,405 [user:*admin] [pipeline:testcopy/testcopy9a396a31-25f2-42a8-99f6-2bd91c094bfc] [runner:0] [thread:ProductionPipelineRunnable-testcopy9a396a31-25f2-42a8-99f6-2bd91c094bfc-testcopy] INFO  ScalaScriptDProcessor - cl2:file:/root/streamsets-datacollector-3.3.0/container-lib/metrics-json-3.1.2.jar
2018-06-17 15:30:45,405 [user:*admin] [pipeline:testcopy/testcopy9a396a31-25f2-42a8-99f6-2bd91c094bfc] [runner:0] [thread:ProductionPipelineRunnable-testcopy9a396a31-25f2-42a8-99f6-2bd91c094bfc-testcopy] INFO  ScalaScriptDProcessor - cl2:file:/root/streamsets-datacollector-3.3.0/container-lib/websocket-client-9.4.2.v20170220.jar
2018-06-17 15:30:45,405 [user:*admin] [pipeline:testcopy/testcopy9a396a31-25f2-42a8-99f6-2bd91c094bfc] [runner:0] [thread:ProductionPipelineRunnable-testcopy9a396a31-25f2-42a8-99f6-2bd91c094bfc-testcopy] INFO  ScalaScriptDProcessor - cl2:file:/root/streamsets-datacollector-3.3.0/container-lib/commons-el-1.0.jar
2018-06-17 15:30:45,406 [user:*admin] [pipeline:testcopy/testcopy9a396a31-25f2-42a8-99f6-2bd91c094bfc] [runner:0] [thread:ProductionPipelineRunnable-testcopy9a396a31-25f2-42a8-99f6-2bd91c094bfc-testcopy] INFO  ScalaScriptDProcessor - cl2:file:/root/streamsets-datacollector-3.3.0/container-lib/websocket-servlet-9.4.2.v20170220.jar
2018-06-17 15:30:45,406 [user:*admin] [pipeline:testcopy/testcopy9a396a31-25f2-42a8-99f6-2bd91c094bfc] [runner:0] [thread:ProductionPipelineRunnable-testcopy9a396a31-25f2-42a8-99f6-2bd91c094bfc-testcopy] INFO  ScalaScriptDProcessor - cl2:file:/root/streamsets-datacollector-3.3.0/container-lib/java-uuid-generator-3.1.3.jar
2018-06-17 15:30:45,406 [user:*admin] [pipeline:testcopy/testcopy9a396a31-25f2-42a8-99f6-2bd91c094bfc] [runner:0] [thread:ProductionPipelineRunnable-testcopy9a396a31-25f2-42a8-99f6-2bd91c094bfc-testcopy] INFO  ScalaScriptDProcessor - cl2:file:/root/streamsets-datacollector-3.3.0/container-lib/jersey-entity-filtering-2.25.1.jar
2018-06-17 15:30:45,406 [user:*admin] [pipeline:testcopy/testcopy9a396a31-25f2-42a8-99f6-2bd91c094bfc] [runner:0] [thread:ProductionPipelineRunnable-testcopy9a396a31-25f2-42a8-99f6-2bd91c094bfc-testcopy] INFO  ScalaScriptDProcessor - cl2:file:/root/streamsets-datacollector-3.3.0/container-lib/javax.annotation-api-1.2.jar
2018-06-17 15:30:45,406 [user:*admin] [pipeline:testcopy/testcopy9a396a31-25f2-42a8-99f6-2bd91c094bfc] [runner:0] [thread:ProductionPipelineRunnable-testcopy9a396a31-25f2-42a8-99f6-2bd91c094bfc-testcopy] INFO  ScalaScriptDProcessor - cl2:file:/root/streamsets-datacollector-3.3.0/container-lib/joda-time-2.3.jar
2018-06-17 15:30:45,406 [user:*admin] [pipeline:testcopy/testcopy9a396a31-25f2-42a8-99f6-2bd91c094bfc] [runner:0] [thread:ProductionPipelineRunnable-testcopy9a396a31-25f2-42a8-99f6-2bd91c094bfc-testcopy] INFO  ScalaScriptDProcessor - cl2:file:/root/streamsets-datacollector-3.3.0/container-lib/jetty-http-9.4.2.v20170220.jar
2018-06-17 15:30:45,406 [user:*admin] [pipeline:testcopy/testcopy9a396a31-25f2-42a8-99f6-2bd91c094bfc] [runner:0] [thread:ProductionPipelineRunnable-testcopy9a396a31-25f2-42a8-99f6-2bd91c094bfc-testcopy] INFO  ScalaScriptDProcessor - cl2:file:/root/streamsets-datacollector-3.3.0/container-lib/jackson-dataformat-yaml-2.8.5.jar
2018-06-17 15:30:45,406 [user:*admin] [pipeline:testcopy/testcopy9a396a31-25f2-42a8-99f6-2bd91c094bfc] [runner:0] [thread:ProductionPipelineRunnable-testcopy9a396a31-25f2-42a8-99f6-2bd91c094bfc-testcopy] INFO  ScalaScriptDProcessor - cl2:file:/root/streamsets-datacollector-3.3.0/container-lib/aws-java-sdk-kms-1.10.59.jar
2018-06-17 15:30:45,406 [user:*admin] [pipeline:testcopy/testcopy9a396a31-25f2-42a8-99f6-2bd91c094bfc] [runner:0] [thread:ProductionPipelineRunnable-testcopy9a396a31-25f2-42a8-99f6-2bd91c094bfc-testcopy] INFO  ScalaScriptDProcessor - cl2:file:/root/streamsets-datacollector-3.3.0/container-lib/osgi-resource-locator-1.0.1.jar
2018-06-17 15:30:45,406 [user:*admin] [pipeline:testcopy/testcopy9a396a31-25f2-42a8-99f6-2bd91c094bfc] [runner:0] [thread:ProductionPipelineRunnable-testcopy9a396a31-25f2-42a8-99f6-2bd91c094bfc-testcopy] INFO  ScalaScriptDProcessor - cl2:file:/root/streamsets-datacollector-3.3.0/container-lib/jetty-security-9.4.2.v20170220.jar
2018-06-17 15:30:45,406 [user:*admin] [pipeline:testcopy/testcopy9a396a31-25f2-42a8-99f6-2bd91c094bfc] [runner:0] [thread:ProductionPipelineRunnable-testcopy9a396a31-25f2-42a8-99f6-2bd91c094bfc-testcopy] INFO  ScalaScriptDProcessor - cl2:file:/root/streamsets-datacollector-3.3.0/container-lib/jetty-webapp-9.4.2.v20170220.jar
2018-06-17 15:30:45,406 [user:*admin] [pipeline:testcopy/testcopy9a396a31-25f2-42a8-99f6-2bd91c094bfc] [runner:0] [thread:ProductionPipelineRunnable-testcopy9a396a31-25f2-42a8-99f6-2bd91c094bfc-testcopy] INFO  ScalaScriptDProcessor - cl2:file:/root/streamsets-datacollector-3.3.0/container-lib/websocket-api-9.4.2.v20170220.jar
2018-06-17 15:30:45,406 [user:*admin] [pipeline:testcopy/testcopy9a396a31-25f2-42a8-99f6-2bd91c094bfc] [runner:0] [thread:ProductionPipelineRunnable-testcopy9a396a31-25f2-42a8-99f6-2bd91c094bfc-testcopy] INFO  ScalaScriptDProcessor - cl2:file:/root/streamsets-datacollector-3.3.0/container-lib/swagger-jaxrs-1.5.13.jar
2018-06-17 15:30:45,406 [user:*admin] [pipeline:testcopy/testcopy9a396a31-25f2-42a8-99f6-2bd91c094bfc] [runner:0] [thread:ProductionPipelineRunnable-testcopy9a396a31-25f2-42a8-99f6-2bd91c094bfc-testcopy] INFO  ScalaScriptDProcessor - cl2:file:/root/streamsets-datacollector-3.3.0/container-lib/annotations-2.0.1.jar
2018-06-17 15:30:45,406 [user:*admin] [pipeline:testcopy/testcopy9a396a31-25f2-42a8-99f6-2bd91c094bfc] [runner:0] [thread:ProductionPipelineRunnable-testcopy9a396a31-25f2-42a8-99f6-2bd91c094bfc-testcopy] INFO  ScalaScriptDProcessor - cl2:file:/root/streamsets-datacollector-3.3.0/container-lib/httpclient-4.3.6.jar
2018-06-17 15:30:45,406 [user:*admin] [pipeline:testcopy/testcopy9a396a31-25f2-42a8-99f6-2bd91c094bfc] [runner:0] [thread:ProductionPipelineRunnable-testcopy9a396a31-25f2-42a8-99f6-2bd91c094bfc-testcopy] INFO  ScalaScriptDProcessor - cl2:file:/root/streamsets-datacollector-3.3.0/container-lib/jersey-server-2.25.1.jar
2018-06-17 15:30:45,406 [user:*admin] [pipeline:testcopy/testcopy9a396a31-25f2-42a8-99f6-2bd91c094bfc] [runner:0] [thread:ProductionPipelineRunnable-testcopy9a396a31-25f2-42a8-99f6-2bd91c094bfc-testcopy] INFO  ScalaScriptDProcessor - cl2:file:/root/streamsets-datacollector-3.3.0/container-lib/streamsets-datacollector-container-3.3.0.jar
2018-06-17 15:30:45,406 [user:*admin] [pipeline:testcopy/testcopy9a396a31-25f2-42a8-99f6-2bd91c094bfc] [runner:0] [thread:ProductionPipelineRunnable-testcopy9a396a31-25f2-42a8-99f6-2bd91c094bfc-testcopy] INFO  ScalaScriptDProcessor - cl2:file:/root/streamsets-datacollector-3.3.0/container-lib/jetty-xml-9.4.2.v20170220.jar
2018-06-17 15:30:45,406 [user:*admin] [pipeline:testcopy/testcopy9a396a31-25f2-42a8-99f6-2bd91c094bfc] [runner:0] [thread:ProductionPipelineRunnable-testcopy9a396a31-25f2-42a8-99f6-2bd91c094bfc-testcopy] INFO  ScalaScriptDProcessor - cl2:file:/root/streamsets-datacollector-3.3.0/container-lib/snappy-0.4.jar
2018-06-17 15:30:45,406 [user:*admin] [pipeline:testcopy/testcopy9a396a31-25f2-42a8-99f6-2bd91c094bfc] [runner:0] [thread:ProductionPipelineRunnable-testcopy9a396a31-25f2-42a8-99f6-2bd91c094bfc-testcopy] INFO  ScalaScriptDProcessor - cl2:file:/root/streamsets-datacollector-3.3.0/container-lib/streamsets-datacollector-container-common-3.3.0.jar
2018-06-17 15:30:45,406 [user:*admin] [pipeline:testcopy/testcopy9a396a31-25f2-42a8-99f6-2bd91c094bfc] [runner:0] [thread:ProductionPipelineRunnable-testcopy9a396a31-25f2-42a8-99f6-2bd91c094bfc-testcopy] INFO  ScalaScriptDProcessor - cl2:file:/root/streamsets-datacollector-3.3.0/container-lib/jackson-jaxrs-base-2.8.4.jar
2018-06-17 15:30:45,406 [user:*admin] [pipeline:testcopy/testcopy9a396a31-25f2-42a8-99f6-2bd91c094bfc] [runner:0] [thread:ProductionPipelineRunnable-testcopy9a396a31-25f2-42a8-99f6-2bd91c094bfc-testcopy] INFO  ScalaScriptDProcessor - cl2:file:/root/streamsets-datacollector-3.3.0/container-lib/minlog-1.3.0.jar
2018-06-17 15:30:45,406 [user:*admin] [pipeline:testcopy/testcopy9a396a31-25f2-42a8-99f6-2bd91c094bfc] [runner:0] [thread:ProductionPipelineRunnable-testcopy9a396a31-25f2-42a8-99f6-2bd91c094bfc-testcopy] INFO  ScalaScriptDProcessor - cl2:file:/root/streamsets-datacollector-3.3.0/container-lib/mail-1.4.7.jar
2018-06-17 15:30:45,406 [user:*admin] [pipeline:testcopy/testcopy9a396a31-25f2-42a8-99f6-2bd91c094bfc] [runner:0] [thread:ProductionPipelineRunnable-testcopy9a396a31-25f2-42a8-99f6-2bd91c094bfc-testcopy] INFO  ScalaScriptDProcessor - cl2:file:/root/streamsets-datacollector-3.3.0/container-lib/aopalliance-repackaged-2.5.0-b32.jar
2018-06-17 15:30:45,406 [user:*admin] [pipeline:testcopy/testcopy9a396a31-25f2-42a8-99f6-2bd91c094bfc] [runner:0] [thread:ProductionPipelineRunnable-testcopy9a396a31-25f2-42a8-99f6-2bd91c094bfc-testcopy] INFO  ScalaScriptDProcessor - cl2:file:/root/streamsets-datacollector-3.3.0/container-lib/commons-io-2.4.jar
2018-06-17 15:30:45,406 [user:*admin] [pipeline:testcopy/testcopy9a396a31-25f2-42a8-99f6-2bd91c094bfc] [runner:0] [thread:ProductionPipelineRunnable-testcopy9a396a31-25f2-42a8-99f6-2bd91c094bfc-testcopy] INFO  ScalaScriptDProcessor - cl2:file:/root/streamsets-datacollector-3.3.0/container-lib/streamsets-datacollector-stagesupport-3.3.0.jar
2018-06-17 15:30:45,406 [user:*admin] [pipeline:testcopy/testcopy9a396a31-25f2-42a8-99f6-2bd91c094bfc] [runner:0] [thread:ProductionPipelineRunnable-testcopy9a396a31-25f2-42a8-99f6-2bd91c094bfc-testcopy] INFO  ScalaScriptDProcessor - cl2:file:/root/streamsets-datacollector-3.3.0/container-lib/swagger-annotations-1.5.13.jar
2018-06-17 15:30:45,406 [user:*admin] [pipeline:testcopy/testcopy9a396a31-25f2-42a8-99f6-2bd91c094bfc] [runner:0] [thread:ProductionPipelineRunnable-testcopy9a396a31-25f2-42a8-99f6-2bd91c094bfc-testcopy] INFO  ScalaScriptDProcessor - cl2:file:/root/streamsets-datacollector-3.3.0/container-lib/commons-collections-3.2.2.jar
2018-06-17 15:30:45,406 [user:*admin] [pipeline:testcopy/testcopy9a396a31-25f2-42a8-99f6-2bd91c094bfc] [runner:0] [thread:ProductionPipelineRunnable-testcopy9a396a31-25f2-42a8-99f6-2bd91c094bfc-testcopy] INFO  ScalaScriptDProcessor - cl2:file:/root/streamsets-datacollector-3.3.0/container-lib/streamsets-datacollector-common-3.3.0.jar
2018-06-17 15:30:45,406 [user:*admin] [pipeline:testcopy/testcopy9a396a31-25f2-42a8-99f6-2bd91c094bfc] [runner:0] [thread:ProductionPipelineRunnable-testcopy9a396a31-25f2-42a8-99f6-2bd91c094bfc-testcopy] INFO  ScalaScriptDProcessor - cl2:file:/root/streamsets-datacollector-3.3.0/container-lib/mimepull-1.9.6.jar
2018-06-17 15:30:45,406 [user:*admin] [pipeline:testcopy/testcopy9a396a31-25f2-42a8-99f6-2bd91c094bfc] [runner:0] [thread:ProductionPipelineRunnable-testcopy9a396a31-25f2-42a8-99f6-2bd91c094bfc-testcopy] INFO  ScalaScriptDProcessor - cl2:file:/root/streamsets-datacollector-3.3.0/container-lib/javax.ws.rs-api-2.0.1.jar
2018-06-17 15:30:45,406 [user:*admin] [pipeline:testcopy/testcopy9a396a31-25f2-42a8-99f6-2bd91c094bfc] [runner:0] [thread:ProductionPipelineRunnable-testcopy9a396a31-25f2-42a8-99f6-2bd91c094bfc-testcopy] INFO  ScalaScriptDProcessor - cl2:file:/root/streamsets-datacollector-3.3.0/container-lib/jetty-servlet-9.4.2.v20170220.jar
2018-06-17 15:30:45,406 [user:*admin] [pipeline:testcopy/testcopy9a396a31-25f2-42a8-99f6-2bd91c094bfc] [runner:0] [thread:ProductionPipelineRunnable-testcopy9a396a31-25f2-42a8-99f6-2bd91c094bfc-testcopy] INFO  ScalaScriptDProcessor - cl2:file:/root/streamsets-datacollector-3.3.0/container-lib/swagger-jersey2-jaxrs-1.5.13.jar
2018-06-17 15:30:45,406 [user:*admin] [pipeline:testcopy/testcopy9a396a31-25f2-42a8-99f6-2bd91c094bfc] [runner:0] [thread:ProductionPipelineRunnable-testcopy9a396a31-25f2-42a8-99f6-2bd91c094bfc-testcopy] INFO  ScalaScriptDProcessor - cl2:file:/root/streamsets-datacollector-3.3.0/container-lib/websocket-common-9.4.2.v20170220.jar
2018-06-17 15:30:45,406 [user:*admin] [pipeline:testcopy/testcopy9a396a31-25f2-42a8-99f6-2bd91c094bfc] [runner:0] [thread:ProductionPipelineRunnable-testcopy9a396a31-25f2-42a8-99f6-2bd91c094bfc-testcopy] INFO  ScalaScriptDProcessor - cl2:file:/root/streamsets-datacollector-3.3.0/container-lib/commons-beanutils-1.9.3.jar
2018-06-17 15:30:45,406 [user:*admin] [pipeline:testcopy/testcopy9a396a31-25f2-42a8-99f6-2bd91c094bfc] [runner:0] [thread:ProductionPipelineRunnable-testcopy9a396a31-25f2-42a8-99f6-2bd91c094bfc-testcopy] INFO  ScalaScriptDProcessor - cl2:file:/root/streamsets-datacollector-3.3.0/container-lib/jersey-media-json-jackson-2.25.1.jar
2018-06-17 15:30:45,406 [user:*admin] [pipeline:testcopy/testcopy9a396a31-25f2-42a8-99f6-2bd91c094bfc] [runner:0] [thread:ProductionPipelineRunnable-testcopy9a396a31-25f2-42a8-99f6-2bd91c094bfc-testcopy] INFO  ScalaScriptDProcessor - cl2:file:/root/streamsets-datacollector-3.3.0/container-lib/jersey-client-2.25.1.jar
2018-06-17 15:30:45,406 [user:*admin] [pipeline:testcopy/testcopy9a396a31-25f2-42a8-99f6-2bd91c094bfc] [runner:0] [thread:ProductionPipelineRunnable-testcopy9a396a31-25f2-42a8-99f6-2bd91c094bfc-testcopy] INFO  ScalaScriptDProcessor - cl2:file:/root/streamsets-datacollector-3.3.0/container-lib/jetty-rewrite-9.4.2.v20170220.jar
2018-06-17 15:30:45,406 [user:*admin] [pipeline:testcopy/testcopy9a396a31-25f2-42a8-99f6-2bd91c094bfc] [runner:0] [thread:ProductionPipelineRunnable-testcopy9a396a31-25f2-42a8-99f6-2bd91c094bfc-testcopy] INFO  ScalaScriptDProcessor - cl2:file:/root/streamsets-datacollector-3.3.0/container-lib/javax.inject-1.jar
2018-06-17 15:30:45,406 [user:*admin] [pipeline:testcopy/testcopy9a396a31-25f2-42a8-99f6-2bd91c094bfc] [runner:0] [thread:ProductionPipelineRunnable-testcopy9a396a31-25f2-42a8-99f6-2bd91c094bfc-testcopy] INFO  ScalaScriptDProcessor - cl2:file:/root/streamsets-datacollector-3.3.0/container-lib/aws-java-sdk-s3-1.10.59.jar
2018-06-17 15:30:45,406 [user:*admin] [pipeline:testcopy/testcopy9a396a31-25f2-42a8-99f6-2bd91c094bfc] [runner:0] [thread:ProductionPipelineRunnable-testcopy9a396a31-25f2-42a8-99f6-2bd91c094bfc-testcopy] INFO  ScalaScriptDProcessor - cl2:file:/root/streamsets-datacollector-3.3.0/container-lib/javax.inject-2.5.0-b32.jar
2018-06-17 15:30:45,406 [user:*admin] [pipeline:testcopy/testcopy9a396a31-25f2-42a8-99f6-2bd91c094bfc] [runner:0] [thread:ProductionPipelineRunnable-testcopy9a396a31-25f2-42a8-99f6-2bd91c094bfc-testcopy] INFO  ScalaScriptDProcessor - cl2:file:/root/streamsets-datacollector-3.3.0/container-lib/validation-api-1.1.0.Final.jar
2018-06-17 15:30:45,406 [user:*admin] [pipeline:testcopy/testcopy9a396a31-25f2-42a8-99f6-2bd91c094bfc] [runner:0] [thread:ProductionPipelineRunnable-testcopy9a396a31-25f2-42a8-99f6-2bd91c094bfc-testcopy] INFO  ScalaScriptDProcessor - cl2:file:/root/streamsets-datacollector-3.3.0/container-lib/activation-1.1.jar
2018-06-17 15:30:45,406 [user:*admin] [pipeline:testcopy/testcopy9a396a31-25f2-42a8-99f6-2bd91c094bfc] [runner:0] [thread:ProductionPipelineRunnable-testcopy9a396a31-25f2-42a8-99f6-2bd91c094bfc-testcopy] INFO  ScalaScriptDProcessor - cl2:file:/root/streamsets-datacollector-3.3.0/container-lib/hk2-api-2.5.0-b32.jar
2018-06-17 15:30:45,406 [user:*admin] [pipeline:testcopy/testcopy9a396a31-25f2-42a8-99f6-2bd91c094bfc] [runner:0] [thread:ProductionPipelineRunnable-testcopy9a396a31-25f2-42a8-99f6-2bd91c094bfc-testcopy] INFO  ScalaScriptDProcessor - cl2:file:/root/streamsets-datacollector-3.3.0/container-lib/selma-0.13.jar
2018-06-17 15:30:45,406 [user:*admin] [pipeline:testcopy/testcopy9a396a31-25f2-42a8-99f6-2bd91c094bfc] [runner:0] [thread:ProductionPipelineRunnable-testcopy9a396a31-25f2-42a8-99f6-2bd91c094bfc-testcopy] INFO  ScalaScriptDProcessor - cl2:file:/root/streamsets-datacollector-3.3.0/container-lib/jackson-module-jaxb-annotations-2.8.9.jar
2018-06-17 15:30:45,406 [user:*admin] [pipeline:testcopy/testcopy9a396a31-25f2-42a8-99f6-2bd91c094bfc] [runner:0] [thread:ProductionPipelineRunnable-testcopy9a396a31-25f2-42a8-99f6-2bd91c094bfc-testcopy] INFO  ScalaScriptDProcessor - cl2:file:/root/streamsets-datacollector-3.3.0/container-lib/jersey-media-multipart-2.25.1.jar
2018-06-17 15:30:45,407 [user:*admin] [pipeline:testcopy/testcopy9a396a31-25f2-42a8-99f6-2bd91c094bfc] [runner:0] [thread:ProductionPipelineRunnable-testcopy9a396a31-25f2-42a8-99f6-2bd91c094bfc-testcopy] INFO  ScalaScriptDProcessor - cl2:file:/root/streamsets-datacollector-3.3.0/container-lib/dagger-1.2.2.jar
2018-06-17 15:30:45,407 [user:*admin] [pipeline:testcopy/testcopy9a396a31-25f2-42a8-99f6-2bd91c094bfc] [runner:0] [thread:ProductionPipelineRunnable-testcopy9a396a31-25f2-42a8-99f6-2bd91c094bfc-testcopy] INFO  ScalaScriptDProcessor - cl2:file:/root/streamsets-datacollector-3.3.0/container-lib/hk2-utils-2.5.0-b32.jar
2018-06-17 15:30:45,407 [user:*admin] [pipeline:testcopy/testcopy9a396a31-25f2-42a8-99f6-2bd91c094bfc] [runner:0] [thread:ProductionPipelineRunnable-testcopy9a396a31-25f2-42a8-99f6-2bd91c094bfc-testcopy] INFO  ScalaScriptDProcessor - cl2:file:/root/streamsets-datacollector-3.3.0/container-lib/jetty-io-9.4.2.v20170220.jar
2018-06-17 15:30:45,407 [user:*admin] [pipeline:testcopy/testcopy9a396a31-25f2-42a8-99f6-2bd91c094bfc] [runner:0] [thread:ProductionPipelineRunnable-testcopy9a396a31-25f2-42a8-99f6-2bd91c094bfc-testcopy] INFO  ScalaScriptDProcessor - cl2:file:/root/streamsets-datacollector-3.3.0/container-lib/jetty-util-9.4.2.v20170220.jar
2018-06-17 15:30:45,407 [user:*admin] [pipeline:testcopy/testcopy9a396a31-25f2-42a8-99f6-2bd91c094bfc] [runner:0] [thread:ProductionPipelineRunnable-testcopy9a396a31-25f2-42a8-99f6-2bd91c094bfc-testcopy] INFO  ScalaScriptDProcessor - cl2:file:/root/streamsets-datacollector-3.3.0/container-lib/jersey-container-servlet-2.25.1.jar
2018-06-17 15:30:45,407 [user:*admin] [pipeline:testcopy/testcopy9a396a31-25f2-42a8-99f6-2bd91c094bfc] [runner:0] [thread:ProductionPipelineRunnable-testcopy9a396a31-25f2-42a8-99f6-2bd91c094bfc-testcopy] INFO  ScalaScriptDProcessor - cl2:file:/root/streamsets-datacollector-3.3.0/container-lib/streamsets-datacollector-json-dto-3.3.0.jar
2018-06-17 15:30:45,407 [user:*admin] [pipeline:testcopy/testcopy9a396a31-25f2-42a8-99f6-2bd91c094bfc] [runner:0] [thread:ProductionPipelineRunnable-testcopy9a396a31-25f2-42a8-99f6-2bd91c094bfc-testcopy] INFO  ScalaScriptDProcessor - cl2:file:/root/streamsets-datacollector-3.3.0/container-lib/jetty-continuation-9.4.2.v20170220.jar
2018-06-17 15:30:45,407 [user:*admin] [pipeline:testcopy/testcopy9a396a31-25f2-42a8-99f6-2bd91c094bfc] [runner:0] [thread:ProductionPipelineRunnable-testcopy9a396a31-25f2-42a8-99f6-2bd91c094bfc-testcopy] INFO  ScalaScriptDProcessor - cl2:file:/root/streamsets-datacollector-3.3.0/container-lib/aws-java-sdk-core-1.10.59.jar
2018-06-17 15:30:45,407 [user:*admin] [pipeline:testcopy/testcopy9a396a31-25f2-42a8-99f6-2bd91c094bfc] [runner:0] [thread:ProductionPipelineRunnable-testcopy9a396a31-25f2-42a8-99f6-2bd91c094bfc-testcopy] INFO  ScalaScriptDProcessor - cl2:file:/root/streamsets-datacollector-3.3.0/container-lib/asm-5.0.3.jar
2018-06-17 15:30:45,407 [user:*admin] [pipeline:testcopy/testcopy9a396a31-25f2-42a8-99f6-2bd91c094bfc] [runner:0] [thread:ProductionPipelineRunnable-testcopy9a396a31-25f2-42a8-99f6-2bd91c094bfc-testcopy] INFO  ScalaScriptDProcessor - cl2:file:/root/streamsets-datacollector-3.3.0/container-lib/jackson-jaxrs-json-provider-2.8.9.jar
2018-06-17 15:30:45,407 [user:*admin] [pipeline:testcopy/testcopy9a396a31-25f2-42a8-99f6-2bd91c094bfc] [runner:0] [thread:ProductionPipelineRunnable-testcopy9a396a31-25f2-42a8-99f6-2bd91c094bfc-testcopy] INFO  ScalaScriptDProcessor - cl2:file:/root/streamsets-datacollector-3.3.0/container-lib/streamsets-sso-3.3.0.jar
2018-06-17 15:30:45,407 [user:*admin] [pipeline:testcopy/testcopy9a396a31-25f2-42a8-99f6-2bd91c094bfc] [runner:0] [thread:ProductionPipelineRunnable-testcopy9a396a31-25f2-42a8-99f6-2bd91c094bfc-testcopy] INFO  ScalaScriptDProcessor - cl2:file:/root/streamsets-datacollector-3.3.0/container-lib/ldaptive-1.0.9.jar
2018-06-17 15:30:45,407 [user:*admin] [pipeline:testcopy/testcopy9a396a31-25f2-42a8-99f6-2bd91c094bfc] [runner:0] [thread:ProductionPipelineRunnable-testcopy9a396a31-25f2-42a8-99f6-2bd91c094bfc-testcopy] INFO  ScalaScriptDProcessor - cl2:file:/root/streamsets-datacollector-3.3.0/api-lib/log4j-1.2.17.jar
2018-06-17 15:30:45,407 [user:*admin] [pipeline:testcopy/testcopy9a396a31-25f2-42a8-99f6-2bd91c094bfc] [runner:0] [thread:ProductionPipelineRunnable-testcopy9a396a31-25f2-42a8-99f6-2bd91c094bfc-testcopy] INFO  ScalaScriptDProcessor - cl2:file:/root/streamsets-datacollector-3.3.0/api-lib/slf4j-api-1.7.7.jar
2018-06-17 15:30:45,407 [user:*admin] [pipeline:testcopy/testcopy9a396a31-25f2-42a8-99f6-2bd91c094bfc] [runner:0] [thread:ProductionPipelineRunnable-testcopy9a396a31-25f2-42a8-99f6-2bd91c094bfc-testcopy] INFO  ScalaScriptDProcessor - cl2:file:/root/streamsets-datacollector-3.3.0/api-lib/jul-to-slf4j-1.7.7.jar
2018-06-17 15:30:45,407 [user:*admin] [pipeline:testcopy/testcopy9a396a31-25f2-42a8-99f6-2bd91c094bfc] [runner:0] [thread:ProductionPipelineRunnable-testcopy9a396a31-25f2-42a8-99f6-2bd91c094bfc-testcopy] INFO  ScalaScriptDProcessor - cl2:file:/root/streamsets-datacollector-3.3.0/api-lib/slf4j-log4j12-1.7.7.jar
2018-06-17 15:30:45,407 [user:*admin] [pipeline:testcopy/testcopy9a396a31-25f2-42a8-99f6-2bd91c094bfc] [runner:0] [thread:ProductionPipelineRunnable-testcopy9a396a31-25f2-42a8-99f6-2bd91c094bfc-testcopy] INFO  ScalaScriptDProcessor - cl2:file:/root/streamsets-datacollector-3.3.0/api-lib/annotations-java5-15.0.jar
2018-06-17 15:30:45,407 [user:*admin] [pipeline:testcopy/testcopy9a396a31-25f2-42a8-99f6-2bd91c094bfc] [runner:0] [thread:ProductionPipelineRunnable-testcopy9a396a31-25f2-42a8-99f6-2bd91c094bfc-testcopy] INFO  ScalaScriptDProcessor - cl2:file:/root/streamsets-datacollector-3.3.0/api-lib/metrics-core-3.1.2.jar
2018-06-17 15:30:45,407 [user:*admin] [pipeline:testcopy/testcopy9a396a31-25f2-42a8-99f6-2bd91c094bfc] [runner:0] [thread:ProductionPipelineRunnable-testcopy9a396a31-25f2-42a8-99f6-2bd91c094bfc-testcopy] INFO  ScalaScriptDProcessor - cl2:file:/root/streamsets-datacollector-3.3.0/api-lib/streamsets-datacollector-api-3.3.0.jar
2018-06-17 15:30:45,407 [user:*admin] [pipeline:testcopy/testcopy9a396a31-25f2-42a8-99f6-2bd91c094bfc] [runner:0] [thread:ProductionPipelineRunnable-testcopy9a396a31-25f2-42a8-99f6-2bd91c094bfc-testcopy] INFO  ScalaScriptDProcessor - cl2:file:/root/streamsets-datacollector-3.3.0/libexec/bootstrap-libs/main/streamsets-datacollector-bootstrap-3.3.0.jar
2018-06-17 15:30:45,407 [user:*admin] [pipeline:testcopy/testcopy9a396a31-25f2-42a8-99f6-2bd91c094bfc] [runner:0] [thread:ProductionPipelineRunnable-testcopy9a396a31-25f2-42a8-99f6-2bd91c094bfc-testcopy] INFO  ScalaScriptDProcessor - cl2:file:/root/streamsets-datacollector-3.3.0/root-lib/snappy-java-1.0.5.jar
2018-06-17 15:30:45,407 [user:*admin] [pipeline:testcopy/testcopy9a396a31-25f2-42a8-99f6-2bd91c094bfc] [runner:0] [thread:ProductionPipelineRunnable-testcopy9a396a31-25f2-42a8-99f6-2bd91c094bfc-testcopy] INFO  ScalaScriptDProcessor - cl2:file:/root/streamsets-datacollector-3.3.0/libexec/bootstrap-libs/main/streamsets-datacollector-bootstrap-3.3.0.jar
2018-06-17 15:30:45,407 [user:*admin] [pipeline:testcopy/testcopy9a396a31-25f2-42a8-99f6-2bd91c094bfc] [runner:0] [thread:ProductionPipelineRunnable-testcopy9a396a31-25f2-42a8-99f6-2bd91c094bfc-testcopy] INFO  ScalaScriptDProcessor - cl2:file:/usr/lib/jvm/java-1.8.0-openjdk-1.8.0.171-8.b10.el7_5.x86_64/jre/lib/ext/cldrdata.jar
2018-06-17 15:30:45,407 [user:*admin] [pipeline:testcopy/testcopy9a396a31-25f2-42a8-99f6-2bd91c094bfc] [runner:0] [thread:ProductionPipelineRunnable-testcopy9a396a31-25f2-42a8-99f6-2bd91c094bfc-testcopy] INFO  ScalaScriptDProcessor - cl2:file:/usr/lib/jvm/java-1.8.0-openjdk-1.8.0.171-8.b10.el7_5.x86_64/jre/lib/ext/dnsns.jar
2018-06-17 15:30:45,407 [user:*admin] [pipeline:testcopy/testcopy9a396a31-25f2-42a8-99f6-2bd91c094bfc] [runner:0] [thread:ProductionPipelineRunnable-testcopy9a396a31-25f2-42a8-99f6-2bd91c094bfc-testcopy] INFO  ScalaScriptDProcessor - cl2:file:/usr/lib/jvm/java-1.8.0-openjdk-1.8.0.171-8.b10.el7_5.x86_64/jre/lib/ext/jaccess.jar
2018-06-17 15:30:45,407 [user:*admin] [pipeline:testcopy/testcopy9a396a31-25f2-42a8-99f6-2bd91c094bfc] [runner:0] [thread:ProductionPipelineRunnable-testcopy9a396a31-25f2-42a8-99f6-2bd91c094bfc-testcopy] INFO  ScalaScriptDProcessor - cl2:file:/usr/lib/jvm/java-1.8.0-openjdk-1.8.0.171-8.b10.el7_5.x86_64/jre/lib/ext/localedata.jar
2018-06-17 15:30:45,407 [user:*admin] [pipeline:testcopy/testcopy9a396a31-25f2-42a8-99f6-2bd91c094bfc] [runner:0] [thread:ProductionPipelineRunnable-testcopy9a396a31-25f2-42a8-99f6-2bd91c094bfc-testcopy] INFO  ScalaScriptDProcessor - cl2:file:/usr/lib/jvm/java-1.8.0-openjdk-1.8.0.171-8.b10.el7_5.x86_64/jre/lib/ext/nashorn.jar
2018-06-17 15:30:45,407 [user:*admin] [pipeline:testcopy/testcopy9a396a31-25f2-42a8-99f6-2bd91c094bfc] [runner:0] [thread:ProductionPipelineRunnable-testcopy9a396a31-25f2-42a8-99f6-2bd91c094bfc-testcopy] INFO  ScalaScriptDProcessor - cl2:file:/usr/lib/jvm/java-1.8.0-openjdk-1.8.0.171-8.b10.el7_5.x86_64/jre/lib/ext/sunec.jar
2018-06-17 15:30:45,407 [user:*admin] [pipeline:testcopy/testcopy9a396a31-25f2-42a8-99f6-2bd91c094bfc] [runner:0] [thread:ProductionPipelineRunnable-testcopy9a396a31-25f2-42a8-99f6-2bd91c094bfc-testcopy] INFO  ScalaScriptDProcessor - cl2:file:/usr/lib/jvm/java-1.8.0-openjdk-1.8.0.171-8.b10.el7_5.x86_64/jre/lib/ext/sunjce_provider.jar
2018-06-17 15:30:45,407 [user:*admin] [pipeline:testcopy/testcopy9a396a31-25f2-42a8-99f6-2bd91c094bfc] [runner:0] [thread:ProductionPipelineRunnable-testcopy9a396a31-25f2-42a8-99f6-2bd91c094bfc-testcopy] INFO  ScalaScriptDProcessor - cl2:file:/usr/lib/jvm/java-1.8.0-openjdk-1.8.0.171-8.b10.el7_5.x86_64/jre/lib/ext/sunpkcs11.jar
2018-06-17 15:30:45,407 [user:*admin] [pipeline:testcopy/testcopy9a396a31-25f2-42a8-99f6-2bd91c094bfc] [runner:0] [thread:ProductionPipelineRunnable-testcopy9a396a31-25f2-42a8-99f6-2bd91c094bfc-testcopy] INFO  ScalaScriptDProcessor - cl2:file:/usr/lib/jvm/java-1.8.0-openjdk-1.8.0.171-8.b10.el7_5.x86_64/jre/lib/ext/zipfs.jar
2018-06-17 15:30:45,407 [user:*admin] [pipeline:testcopy/testcopy9a396a31-25f2-42a8-99f6-2bd91c094bfc] [runner:0] [thread:ProductionPipelineRunnable-testcopy9a396a31-25f2-42a8-99f6-2bd91c094bfc-testcopy] INFO  ScalaScriptDProcessor - cl2:file:/usr/lib/jvm/java-1.8.0-openjdk-1.8.0.171-8.b10.el7_5.x86_64/jre/lib/ext/java-atk-wrapper.jar
2018-06-17 15:30:45,613 [user:*admin] [pipeline:testcopy/testcopy9a396a31-25f2-42a8-99f6-2bd91c094bfc] [runner:0] [thread:ProductionPipelineRunnable-testcopy9a396a31-25f2-42a8-99f6-2bd91c094bfc-testcopy] INFO  ScalaEngine$ - add jar:/root/.ivy2/jars/org.apache.commons_commons-math3-3.6.1.jar
2018-06-17 15:30:47,914 [user:*admin] [pipeline:testcopy/testcopy9a396a31-25f2-42a8-99f6-2bd91c094bfc] [runner:0] [thread:ProductionPipelineRunnable-testcopy9a396a31-25f2-42a8-99f6-2bd91c094bfc-testcopy] ERROR ScalaScriptDProcessor - object scala in compiler mirror not found.
scala.reflect.internal.MissingRequirementError: object scala in compiler mirror not found.
	at scala.reflect.internal.MissingRequirementError$.signal(MissingRequirementError.scala:17)
	at scala.reflect.internal.MissingRequirementError$.notFound(MissingRequirementError.scala:18)
	at scala.reflect.internal.Mirrors$RootsBase.getModuleOrClass(Mirrors.scala:53)
	at scala.reflect.internal.Mirrors$RootsBase.getModuleOrClass(Mirrors.scala:66)
	at scala.reflect.internal.Mirrors$RootsBase.getPackage(Mirrors.scala:173)
	at scala.reflect.internal.Definitions$DefinitionsClass.ScalaPackage$lzycompute(Definitions.scala:161)
	at scala.reflect.internal.Definitions$DefinitionsClass.ScalaPackage(Definitions.scala:161)
	at scala.reflect.internal.Definitions$DefinitionsClass.ScalaPackageClass$lzycompute(Definitions.scala:162)
	at scala.reflect.internal.Definitions$DefinitionsClass.ScalaPackageClass(Definitions.scala:162)
	at scala.reflect.internal.Definitions$DefinitionsClass.init(Definitions.scala:1391)
	at scala.tools.nsc.Global$Run.<init>(Global.scala:1242)
	at scala.tools.nsc.interpreter.IMain.compileSourcesKeepingRun(IMain.scala:439)
	at scala.tools.nsc.interpreter.IMain$ReadEvalPrint.compileAndSaveRun(IMain.scala:862)
	at scala.tools.nsc.interpreter.IMain$ReadEvalPrint.compile(IMain.scala:820)
	at scala.tools.nsc.interpreter.IMain.bind(IMain.scala:682)
	at scala.tools.nsc.interpreter.IMain.bind(IMain.scala:719)
	at scala.tools.nsc.interpreter.IMain.bind(IMain.scala:720)
	at kw.streamsets.processor.ScalaScriptProcessor.init(ScalaScriptProcessor.scala:113)
	at com.streamsets.pipeline.api.base.BaseStage.init(BaseStage.java:48)
	at com.streamsets.datacollector.runner.StageRuntime.lambda$init$0(StageRuntime.java:177)
	at com.streamsets.datacollector.util.LambdaUtil.withClassLoaderInternal(LambdaUtil.java:148)
	at com.streamsets.datacollector.util.LambdaUtil.withClassLoader(LambdaUtil.java:44)
	at com.streamsets.datacollector.runner.StageRuntime.init(StageRuntime.java:175)
	at com.streamsets.datacollector.runner.StagePipe.init(StagePipe.java:99)
	at com.streamsets.datacollector.runner.StagePipe.init(StagePipe.java:47)
	at com.streamsets.datacollector.runner.Pipeline.initPipe(Pipeline.java:386)
	at com.streamsets.datacollector.runner.Pipeline.lambda$init$0(Pipeline.java:376)
	at com.streamsets.datacollector.runner.PipeRunner.forEach(PipeRunner.java:166)
	at com.streamsets.datacollector.runner.Pipeline.init(Pipeline.java:374)
	at com.streamsets.datacollector.execution.runner.common.ProductionPipeline.run(ProductionPipeline.java:96)
	at com.streamsets.datacollector.execution.runner.common.ProductionPipelineRunnable.run(ProductionPipelineRunnable.java:74)
	at com.streamsets.datacollector.execution.runner.standalone.StandaloneRunner.start(StandaloneRunner.java:756)
	at com.streamsets.datacollector.execution.runner.common.AsyncRunner.lambda$start$3(AsyncRunner.java:152)
	at com.streamsets.pipeline.lib.executor.SafeScheduledExecutorService$SafeCallable.lambda$call$0(SafeScheduledExecutorService.java:226)
	at com.streamsets.datacollector.security.GroupsInScope.execute(GroupsInScope.java:33)
	at com.streamsets.pipeline.lib.executor.SafeScheduledExecutorService$SafeCallable.call(SafeScheduledExecutorService.java:222)
	at com.streamsets.pipeline.lib.executor.SafeScheduledExecutorService$SafeCallable.lambda$call$0(SafeScheduledExecutorService.java:226)
	at com.streamsets.datacollector.security.GroupsInScope.execute(GroupsInScope.java:33)
	at com.streamsets.pipeline.lib.executor.SafeScheduledExecutorService$SafeCallable.call(SafeScheduledExecutorService.java:222)
	at java.util.concurrent.FutureTask.run(FutureTask.java:266)
	at java.util.concurrent.ScheduledThreadPoolExecutor$ScheduledFutureTask.access$201(ScheduledThreadPoolExecutor.java:180)
	at java.util.concurrent.ScheduledThreadPoolExecutor$ScheduledFutureTask.run(ScheduledThreadPoolExecutor.java:293)
	at com.streamsets.datacollector.metrics.MetricSafeScheduledExecutorService$MetricsTask.run(MetricSafeScheduledExecutorService.java:100)
	at java.util.concurrent.ThreadPoolExecutor.runWorker(ThreadPoolExecutor.java:1149)
	at java.util.concurrent.ThreadPoolExecutor$Worker.run(ThreadPoolExecutor.java:624)
	at java.lang.Thread.run(Thread.java:748)
2018-06-17 15:30:47,930 [user:*admin] [pipeline:testcopy/testcopy9a396a31-25f2-42a8-99f6-2bd91c094bfc] [runner:] [thread:ProductionPipelineRunnable-testcopy9a396a31-25f2-42a8-99f6-2bd91c094bfc-testcopy] INFO  Pipeline - Destroying pipeline with reason=FINISHED
2018-06-17 15:30:47,947 [user:*admin] [pipeline:testcopy/testcopy9a396a31-25f2-42a8-99f6-2bd91c094bfc] [runner:] [thread:ProductionPipelineRunnable-testcopy9a396a31-25f2-42a8-99f6-2bd91c094bfc-testcopy] INFO  Pipeline - Processing lifecycle stop event
2018-06-17 15:30:47,949 [user:*admin] [pipeline:testcopy/testcopy9a396a31-25f2-42a8-99f6-2bd91c094bfc] [runner:] [thread:ProductionPipelineRunnable-testcopy9a396a31-25f2-42a8-99f6-2bd91c094bfc-testcopy] INFO  Pipeline - Pipeline finished destroying with final reason=FINISHED
2018-06-17 15:30:47,968 [user:*admin] [pipeline:testcopy/testcopy9a396a31-25f2-42a8-99f6-2bd91c094bfc] [runner:] [thread:ProductionPipelineRunnable-testcopy9a396a31-25f2-42a8-99f6-2bd91c094bfc-testcopy] ERROR ProductionPipelineRunnable - An exception occurred while running the pipeline, com.streamsets.datacollector.runner.PipelineRuntimeException: CONTAINER_0800 - Pipeline 'testcopy9a396a31-25f2-42a8-99f6-2bd91c094bfc' validation error : SCRIPTING_03 - scala: 'scala.reflect.internal.MissingRequirementError: object scala in compiler mirror not found.'
com.streamsets.datacollector.runner.PipelineRuntimeException: CONTAINER_0800 - Pipeline 'testcopy9a396a31-25f2-42a8-99f6-2bd91c094bfc' validation error : SCRIPTING_03 - scala: 'scala.reflect.internal.MissingRequirementError: object scala in compiler mirror not found.'
	at com.streamsets.datacollector.execution.runner.common.ProductionPipeline.run(ProductionPipeline.java:131)
	at com.streamsets.datacollector.execution.runner.common.ProductionPipelineRunnable.run(ProductionPipelineRunnable.java:74)
	at com.streamsets.datacollector.execution.runner.standalone.StandaloneRunner.start(StandaloneRunner.java:756)
	at com.streamsets.datacollector.execution.runner.common.AsyncRunner.lambda$start$3(AsyncRunner.java:152)
	at com.streamsets.pipeline.lib.executor.SafeScheduledExecutorService$SafeCallable.lambda$call$0(SafeScheduledExecutorService.java:226)
	at com.streamsets.datacollector.security.GroupsInScope.execute(GroupsInScope.java:33)
	at com.streamsets.pipeline.lib.executor.SafeScheduledExecutorService$SafeCallable.call(SafeScheduledExecutorService.java:222)
	at com.streamsets.pipeline.lib.executor.SafeScheduledExecutorService$SafeCallable.lambda$call$0(SafeScheduledExecutorService.java:226)
	at com.streamsets.datacollector.security.GroupsInScope.execute(GroupsInScope.java:33)
	at com.streamsets.pipeline.lib.executor.SafeScheduledExecutorService$SafeCallable.call(SafeScheduledExecutorService.java:222)
	at java.util.concurrent.FutureTask.run(FutureTask.java:266)
	at java.util.concurrent.ScheduledThreadPoolExecutor$ScheduledFutureTask.access$201(ScheduledThreadPoolExecutor.java:180)
	at java.util.concurrent.ScheduledThreadPoolExecutor$ScheduledFutureTask.run(ScheduledThreadPoolExecutor.java:293)
	at com.streamsets.datacollector.metrics.MetricSafeScheduledExecutorService$MetricsTask.run(MetricSafeScheduledExecutorService.java:100)
	at java.util.concurrent.ThreadPoolExecutor.runWorker(ThreadPoolExecutor.java:1149)
	at java.util.concurrent.ThreadPoolExecutor$Worker.run(ThreadPoolExecutor.java:624)
	at java.lang.Thread.run(Thread.java:748)
2018-06-17 15:39:17,573 [user:admin] [pipeline:testcopy/testcopy9a396a31-25f2-42a8-99f6-2bd91c094bfc] [runner:] [thread:Shutdown Request] INFO  StandaloneRunner - Pipeline 'testcopy9a396a31-25f2-42a8-99f6-2bd91c094bfc'::'0' is no longer active
2018-06-17 15:39:17,573 [user:] [pipeline:] [runner:] [thread:Shutdown Request] INFO  StandaloneAndClusterPipelineManager - Stopped Production Pipeline Manager
2018-06-17 15:39:18,665 [user:] [pipeline:] [runner:] [thread:main] INFO  Main - -----------------------------------------------------------------
2018-06-17 15:39:18,669 [user:] [pipeline:] [runner:] [thread:main] INFO  Main - Build info:
2018-06-17 15:39:18,669 [user:] [pipeline:] [runner:] [thread:main] INFO  Main -   Version        : 3.3.0
2018-06-17 15:39:18,669 [user:] [pipeline:] [runner:] [thread:main] INFO  Main -   Date           : 2018-05-23T16:51Z
2018-06-17 15:39:18,669 [user:] [pipeline:] [runner:] [thread:main] INFO  Main -   Built by       : root
2018-06-17 15:39:18,669 [user:] [pipeline:] [runner:] [thread:main] INFO  Main -   Repo SHA       : 92ca3b4f4c180d9a57699ca248bdfe6c303e7cd9
2018-06-17 15:39:18,669 [user:] [pipeline:] [runner:] [thread:main] INFO  Main -   Source MD5     : d51058ddf1f6a78adb3a6110be5765
2018-06-17 15:39:18,669 [user:] [pipeline:] [runner:] [thread:main] INFO  Main - -----------------------------------------------------------------
2018-06-17 15:39:18,669 [user:] [pipeline:] [runner:] [thread:main] INFO  Main - Runtime info:
2018-06-17 15:39:18,669 [user:] [pipeline:] [runner:] [thread:main] INFO  Main -   Java version  : 1.8.0_171-b10
2018-06-17 15:39:18,669 [user:] [pipeline:] [runner:] [thread:main] INFO  Main -   SDC ID        : 51ea738d-7211-11e8-be64-e1992eb53aee
2018-06-17 15:39:18,669 [user:] [pipeline:] [runner:] [thread:main] INFO  Main -   Runtime dir   : /root/streamsets-datacollector-3.3.0
2018-06-17 15:39:18,669 [user:] [pipeline:] [runner:] [thread:main] INFO  Main -   Config dir    : /root/streamsets-datacollector-3.3.0/etc
2018-06-17 15:39:18,672 [user:] [pipeline:] [runner:] [thread:main] INFO  Main -   Data dir      : /root/streamsets-datacollector-3.3.0/data
2018-06-17 15:39:18,672 [user:] [pipeline:] [runner:] [thread:main] INFO  Main -   Log dir       : /root/streamsets-datacollector-3.3.0/log
2018-06-17 15:39:18,672 [user:] [pipeline:] [runner:] [thread:main] INFO  Main -   Extra Libs dir: /root/streamsets-datacollector-3.3.0/streamsets-libs-extras/
2018-06-17 15:39:18,672 [user:] [pipeline:] [runner:] [thread:main] INFO  Main - -----------------------------------------------------------------
2018-06-17 15:39:18,672 [user:] [pipeline:] [runner:] [thread:main] INFO  Main -   Security Manager : ENABLED, policy file: file:///root/streamsets-datacollector-3.3.0/etc/sdc-security.policy
2018-06-17 15:39:18,672 [user:] [pipeline:] [runner:] [thread:main] INFO  Main - -----------------------------------------------------------------
2018-06-17 15:39:18,672 [user:] [pipeline:] [runner:] [thread:main] INFO  Main - Starting ...
2018-06-17 15:39:18,675 [user:] [pipeline:] [runner:] [thread:main] INFO  Main - -----------------------------------------------------------------
2018-06-17 15:39:18,675 [user:] [pipeline:] [runner:] [thread:main] INFO  Main -   Kerberos enabled: false
2018-06-17 15:39:18,682 [user:] [pipeline:] [runner:] [thread:main] INFO  Main -   Unlimited cryptography enabled: true
2018-06-17 15:39:18,682 [user:] [pipeline:] [runner:] [thread:main] INFO  Main - -----------------------------------------------------------------
2018-06-17 15:39:18,682 [user:] [pipeline:] [runner:] [thread:main] INFO  Main - Starting ...
2018-06-17 15:39:18,756 [user:] [pipeline:] [runner:] [thread:main] INFO  ClassLoaderStageLibraryTask - Validating classpath of all stages
2018-06-17 15:39:18,962 [user:] [pipeline:] [runner:] [thread:main] INFO  ClassLoaderStageLibraryTask - Finished classpath validation in 206 ms
2018-06-17 15:39:18,963 [user:] [pipeline:] [runner:] [thread:main] WARN  ClasspathValidatorResult - Validation results for scala-script
2018-06-17 15:39:18,963 [user:] [pipeline:] [runner:] [thread:main] WARN  ClasspathValidatorResult - Can't parse the following artifacts:
2018-06-17 15:39:18,963 [user:] [pipeline:] [runner:] [thread:main] WARN  ClasspathValidatorResult -   file:/root/streamsets-datacollector-3.3.0/streamsets-libs/scala-script/lib/scala-script.jar
2018-06-17 15:39:18,963 [user:] [pipeline:] [runner:] [thread:main] WARN  ClasspathValidatorResult -   file:/root/streamsets-datacollector-3.3.0/streamsets-libs/scala-script/lib/ivy-2.5.0-rc1.jar
2018-06-17 15:39:18,965 [user:] [pipeline:] [runner:] [thread:main] ERROR ClassLoaderStageLibraryTask - The following stages have invalid classpath: scala-script
2018-06-17 15:39:25,164 [user:] [pipeline:] [runner:] [thread:main] INFO  ClassLoaderStageLibraryTask - Loaded '9' libraries with a total of '102' stages, '0' lineage publishers, '2' services and '0' credentialStores in '6175ms'
2018-06-17 15:39:25,815 [user:] [pipeline:] [runner:] [thread:main] INFO  LineagePublisherTaskImpl - No publishers configured
2018-06-17 15:39:26,994 [user:] [pipeline:] [runner:] [thread:main] INFO  Reflections - Reflections took 176 ms to scan 2 urls, producing 1265 keys and 2088 values 
2018-06-17 15:39:28,709 [user:] [pipeline:] [runner:] [thread:main] INFO  Reflections - Reflections took 110 ms to scan 2 urls, producing 1265 keys and 2088 values 
2018-06-17 15:39:30,737 [user:] [pipeline:] [runner:] [thread:main] INFO  WebServerTask - Running on URI : 'http://master:18630'
2018-06-17 15:39:33,581 [user:admin] [pipeline:*] [runner:] [thread:webserver-18] INFO  StandaloneAndClusterRunnerProviderImpl - Pipeline execution mode is: STANDALONE 
2018-06-17 15:39:37,759 [user:admin] [pipeline:testcopy/testcopy9a396a31-25f2-42a8-99f6-2bd91c094bfc] [runner:] [thread:EL-cache-trimmer] INFO  LruExpressionEvaluatorImpl -  Starting housekeeper thread for expected types cache (runs every 5mins)
2018-06-17 15:39:39,457 [user:admin] [pipeline:testcopy/testcopy9a396a31-25f2-42a8-99f6-2bd91c094bfc] [runner:] [thread:webserver-19] INFO  StandaloneRunner - Preparing to start pipeline 'testcopy9a396a31-25f2-42a8-99f6-2bd91c094bfc::0'
2018-06-17 15:39:39,515 [user:*admin] [pipeline:testcopy/testcopy9a396a31-25f2-42a8-99f6-2bd91c094bfc] [runner:] [thread:runner-pool-2-thread-1] INFO  StandaloneRunner - Starting pipeline testcopy9a396a31-25f2-42a8-99f6-2bd91c094bfc 0
2018-06-17 15:39:39,764 [user:*admin] [pipeline:testcopy/testcopy9a396a31-25f2-42a8-99f6-2bd91c094bfc] [runner:] [thread:runner-pool-2-thread-1] INFO  ProductionPipelineRunner - Adding error listeners0
2018-06-17 15:39:39,900 [user:*admin] [pipeline:testcopy/testcopy9a396a31-25f2-42a8-99f6-2bd91c094bfc] [runner:] [thread:ProductionPipelineRunnable-testcopy9a396a31-25f2-42a8-99f6-2bd91c094bfc-testcopy] INFO  Pipeline - Processing lifecycle start event with stage
2018-06-17 15:39:40,613 [user:*admin] [pipeline:testcopy/testcopy9a396a31-25f2-42a8-99f6-2bd91c094bfc] [runner:0] [thread:ProductionPipelineRunnable-testcopy9a396a31-25f2-42a8-99f6-2bd91c094bfc-testcopy] INFO  ScalaScriptDProcessor - cl1:class com.streamsets.pipeline.SDCClassLoader
2018-06-17 15:39:40,613 [user:*admin] [pipeline:testcopy/testcopy9a396a31-25f2-42a8-99f6-2bd91c094bfc] [runner:0] [thread:ProductionPipelineRunnable-testcopy9a396a31-25f2-42a8-99f6-2bd91c094bfc-testcopy] INFO  ScalaScriptDProcessor - cl2:class com.streamsets.pipeline.SDCClassLoader
2018-06-17 15:39:40,614 [user:*admin] [pipeline:testcopy/testcopy9a396a31-25f2-42a8-99f6-2bd91c094bfc] [runner:0] [thread:ProductionPipelineRunnable-testcopy9a396a31-25f2-42a8-99f6-2bd91c094bfc-testcopy] INFO  ScalaScriptDProcessor - cl1:file:/root/streamsets-datacollector-3.3.0/streamsets-libs/scala-script/lib/scala-script.jar
2018-06-17 15:39:40,614 [user:*admin] [pipeline:testcopy/testcopy9a396a31-25f2-42a8-99f6-2bd91c094bfc] [runner:0] [thread:ProductionPipelineRunnable-testcopy9a396a31-25f2-42a8-99f6-2bd91c094bfc-testcopy] INFO  ScalaScriptDProcessor - cl1:file:/root/streamsets-datacollector-3.3.0/streamsets-libs/scala-script/lib/ivy-2.5.0-rc1.jar
2018-06-17 15:39:40,614 [user:*admin] [pipeline:testcopy/testcopy9a396a31-25f2-42a8-99f6-2bd91c094bfc] [runner:0] [thread:ProductionPipelineRunnable-testcopy9a396a31-25f2-42a8-99f6-2bd91c094bfc-testcopy] INFO  ScalaScriptDProcessor - cl1:file:/root/streamsets-datacollector-3.3.0/streamsets-libs/scala-script/lib/commons-lang3-3.7.jar
2018-06-17 15:39:40,614 [user:*admin] [pipeline:testcopy/testcopy9a396a31-25f2-42a8-99f6-2bd91c094bfc] [runner:0] [thread:ProductionPipelineRunnable-testcopy9a396a31-25f2-42a8-99f6-2bd91c094bfc-testcopy] INFO  ScalaScriptDProcessor - cl1:file:/root/streamsets-datacollector-3.3.0/streamsets-libs/scala-script/lib/oro-2.0.8.jar
2018-06-17 15:39:40,614 [user:*admin] [pipeline:testcopy/testcopy9a396a31-25f2-42a8-99f6-2bd91c094bfc] [runner:0] [thread:ProductionPipelineRunnable-testcopy9a396a31-25f2-42a8-99f6-2bd91c094bfc-testcopy] INFO  ScalaScriptDProcessor - cl1:file:/root/streamsets-datacollector-3.3.0/streamsets-libs/scala-script/lib/scala-library-2.11.12.jar
2018-06-17 15:39:40,614 [user:*admin] [pipeline:testcopy/testcopy9a396a31-25f2-42a8-99f6-2bd91c094bfc] [runner:0] [thread:ProductionPipelineRunnable-testcopy9a396a31-25f2-42a8-99f6-2bd91c094bfc-testcopy] INFO  ScalaScriptDProcessor - cl1:file:/root/streamsets-datacollector-3.3.0/streamsets-libs/scala-script/lib/scala-reflect-2.11.12.jar
2018-06-17 15:39:40,614 [user:*admin] [pipeline:testcopy/testcopy9a396a31-25f2-42a8-99f6-2bd91c094bfc] [runner:0] [thread:ProductionPipelineRunnable-testcopy9a396a31-25f2-42a8-99f6-2bd91c094bfc-testcopy] INFO  ScalaScriptDProcessor - cl1:file:/root/streamsets-datacollector-3.3.0/streamsets-libs/scala-script/lib/scala-compiler-2.11.12.jar
2018-06-17 15:39:40,614 [user:*admin] [pipeline:testcopy/testcopy9a396a31-25f2-42a8-99f6-2bd91c094bfc] [runner:0] [thread:ProductionPipelineRunnable-testcopy9a396a31-25f2-42a8-99f6-2bd91c094bfc-testcopy] INFO  ScalaScriptDProcessor - cl1:file:/root/streamsets-datacollector-3.3.0/streamsets-libs/scala-script/lib/scala-xml_2.11-1.0.5.jar
2018-06-17 15:39:40,614 [user:*admin] [pipeline:testcopy/testcopy9a396a31-25f2-42a8-99f6-2bd91c094bfc] [runner:0] [thread:ProductionPipelineRunnable-testcopy9a396a31-25f2-42a8-99f6-2bd91c094bfc-testcopy] INFO  ScalaScriptDProcessor - cl1:file:/root/streamsets-datacollector-3.3.0/streamsets-libs/scala-script/lib/scala-parser-combinators_2.11-1.0.4.jar
2018-06-17 15:39:40,614 [user:*admin] [pipeline:testcopy/testcopy9a396a31-25f2-42a8-99f6-2bd91c094bfc] [runner:0] [thread:ProductionPipelineRunnable-testcopy9a396a31-25f2-42a8-99f6-2bd91c094bfc-testcopy] INFO  ScalaScriptDProcessor - cl1::com.streamsets.pipeline.SDCClassLoaderfile:/root/streamsets-datacollector-3.3.0/api-lib/log4j-1.2.17.jar
2018-06-17 15:39:40,614 [user:*admin] [pipeline:testcopy/testcopy9a396a31-25f2-42a8-99f6-2bd91c094bfc] [runner:0] [thread:ProductionPipelineRunnable-testcopy9a396a31-25f2-42a8-99f6-2bd91c094bfc-testcopy] INFO  ScalaScriptDProcessor - cl1::com.streamsets.pipeline.SDCClassLoaderfile:/root/streamsets-datacollector-3.3.0/api-lib/slf4j-api-1.7.7.jar
2018-06-17 15:39:40,614 [user:*admin] [pipeline:testcopy/testcopy9a396a31-25f2-42a8-99f6-2bd91c094bfc] [runner:0] [thread:ProductionPipelineRunnable-testcopy9a396a31-25f2-42a8-99f6-2bd91c094bfc-testcopy] INFO  ScalaScriptDProcessor - cl1::com.streamsets.pipeline.SDCClassLoaderfile:/root/streamsets-datacollector-3.3.0/api-lib/jul-to-slf4j-1.7.7.jar
2018-06-17 15:39:40,614 [user:*admin] [pipeline:testcopy/testcopy9a396a31-25f2-42a8-99f6-2bd91c094bfc] [runner:0] [thread:ProductionPipelineRunnable-testcopy9a396a31-25f2-42a8-99f6-2bd91c094bfc-testcopy] INFO  ScalaScriptDProcessor - cl1::com.streamsets.pipeline.SDCClassLoaderfile:/root/streamsets-datacollector-3.3.0/api-lib/slf4j-log4j12-1.7.7.jar
2018-06-17 15:39:40,615 [user:*admin] [pipeline:testcopy/testcopy9a396a31-25f2-42a8-99f6-2bd91c094bfc] [runner:0] [thread:ProductionPipelineRunnable-testcopy9a396a31-25f2-42a8-99f6-2bd91c094bfc-testcopy] INFO  ScalaScriptDProcessor - cl1::com.streamsets.pipeline.SDCClassLoaderfile:/root/streamsets-datacollector-3.3.0/api-lib/annotations-java5-15.0.jar
2018-06-17 15:39:40,615 [user:*admin] [pipeline:testcopy/testcopy9a396a31-25f2-42a8-99f6-2bd91c094bfc] [runner:0] [thread:ProductionPipelineRunnable-testcopy9a396a31-25f2-42a8-99f6-2bd91c094bfc-testcopy] INFO  ScalaScriptDProcessor - cl1::com.streamsets.pipeline.SDCClassLoaderfile:/root/streamsets-datacollector-3.3.0/api-lib/metrics-core-3.1.2.jar
2018-06-17 15:39:40,615 [user:*admin] [pipeline:testcopy/testcopy9a396a31-25f2-42a8-99f6-2bd91c094bfc] [runner:0] [thread:ProductionPipelineRunnable-testcopy9a396a31-25f2-42a8-99f6-2bd91c094bfc-testcopy] INFO  ScalaScriptDProcessor - cl1::com.streamsets.pipeline.SDCClassLoaderfile:/root/streamsets-datacollector-3.3.0/api-lib/streamsets-datacollector-api-3.3.0.jar
2018-06-17 15:39:40,615 [user:*admin] [pipeline:testcopy/testcopy9a396a31-25f2-42a8-99f6-2bd91c094bfc] [runner:0] [thread:ProductionPipelineRunnable-testcopy9a396a31-25f2-42a8-99f6-2bd91c094bfc-testcopy] INFO  ScalaScriptDProcessor - cl1::com.streamsets.pipeline.SDCClassLoader:sun.misc.Launcher$AppClassLoaderfile:/root/streamsets-datacollector-3.3.0/libexec/bootstrap-libs/main/streamsets-datacollector-bootstrap-3.3.0.jar
2018-06-17 15:39:40,615 [user:*admin] [pipeline:testcopy/testcopy9a396a31-25f2-42a8-99f6-2bd91c094bfc] [runner:0] [thread:ProductionPipelineRunnable-testcopy9a396a31-25f2-42a8-99f6-2bd91c094bfc-testcopy] INFO  ScalaScriptDProcessor - cl1::com.streamsets.pipeline.SDCClassLoader:sun.misc.Launcher$AppClassLoaderfile:/root/streamsets-datacollector-3.3.0/root-lib/snappy-java-1.0.5.jar
2018-06-17 15:39:40,615 [user:*admin] [pipeline:testcopy/testcopy9a396a31-25f2-42a8-99f6-2bd91c094bfc] [runner:0] [thread:ProductionPipelineRunnable-testcopy9a396a31-25f2-42a8-99f6-2bd91c094bfc-testcopy] INFO  ScalaScriptDProcessor - cl1::com.streamsets.pipeline.SDCClassLoader:sun.misc.Launcher$AppClassLoaderfile:/root/streamsets-datacollector-3.3.0/libexec/bootstrap-libs/main/streamsets-datacollector-bootstrap-3.3.0.jar
2018-06-17 15:39:40,615 [user:*admin] [pipeline:testcopy/testcopy9a396a31-25f2-42a8-99f6-2bd91c094bfc] [runner:0] [thread:ProductionPipelineRunnable-testcopy9a396a31-25f2-42a8-99f6-2bd91c094bfc-testcopy] INFO  ScalaScriptDProcessor - cl1::com.streamsets.pipeline.SDCClassLoader:sun.misc.Launcher$AppClassLoader:sun.misc.Launcher$ExtClassLoaderfile:/usr/lib/jvm/java-1.8.0-openjdk-1.8.0.171-8.b10.el7_5.x86_64/jre/lib/ext/cldrdata.jar
2018-06-17 15:39:40,615 [user:*admin] [pipeline:testcopy/testcopy9a396a31-25f2-42a8-99f6-2bd91c094bfc] [runner:0] [thread:ProductionPipelineRunnable-testcopy9a396a31-25f2-42a8-99f6-2bd91c094bfc-testcopy] INFO  ScalaScriptDProcessor - cl1::com.streamsets.pipeline.SDCClassLoader:sun.misc.Launcher$AppClassLoader:sun.misc.Launcher$ExtClassLoaderfile:/usr/lib/jvm/java-1.8.0-openjdk-1.8.0.171-8.b10.el7_5.x86_64/jre/lib/ext/dnsns.jar
2018-06-17 15:39:40,616 [user:*admin] [pipeline:testcopy/testcopy9a396a31-25f2-42a8-99f6-2bd91c094bfc] [runner:0] [thread:ProductionPipelineRunnable-testcopy9a396a31-25f2-42a8-99f6-2bd91c094bfc-testcopy] INFO  ScalaScriptDProcessor - cl1::com.streamsets.pipeline.SDCClassLoader:sun.misc.Launcher$AppClassLoader:sun.misc.Launcher$ExtClassLoaderfile:/usr/lib/jvm/java-1.8.0-openjdk-1.8.0.171-8.b10.el7_5.x86_64/jre/lib/ext/jaccess.jar
2018-06-17 15:39:40,616 [user:*admin] [pipeline:testcopy/testcopy9a396a31-25f2-42a8-99f6-2bd91c094bfc] [runner:0] [thread:ProductionPipelineRunnable-testcopy9a396a31-25f2-42a8-99f6-2bd91c094bfc-testcopy] INFO  ScalaScriptDProcessor - cl1::com.streamsets.pipeline.SDCClassLoader:sun.misc.Launcher$AppClassLoader:sun.misc.Launcher$ExtClassLoaderfile:/usr/lib/jvm/java-1.8.0-openjdk-1.8.0.171-8.b10.el7_5.x86_64/jre/lib/ext/localedata.jar
2018-06-17 15:39:40,616 [user:*admin] [pipeline:testcopy/testcopy9a396a31-25f2-42a8-99f6-2bd91c094bfc] [runner:0] [thread:ProductionPipelineRunnable-testcopy9a396a31-25f2-42a8-99f6-2bd91c094bfc-testcopy] INFO  ScalaScriptDProcessor - cl1::com.streamsets.pipeline.SDCClassLoader:sun.misc.Launcher$AppClassLoader:sun.misc.Launcher$ExtClassLoaderfile:/usr/lib/jvm/java-1.8.0-openjdk-1.8.0.171-8.b10.el7_5.x86_64/jre/lib/ext/nashorn.jar
2018-06-17 15:39:40,616 [user:*admin] [pipeline:testcopy/testcopy9a396a31-25f2-42a8-99f6-2bd91c094bfc] [runner:0] [thread:ProductionPipelineRunnable-testcopy9a396a31-25f2-42a8-99f6-2bd91c094bfc-testcopy] INFO  ScalaScriptDProcessor - cl1::com.streamsets.pipeline.SDCClassLoader:sun.misc.Launcher$AppClassLoader:sun.misc.Launcher$ExtClassLoaderfile:/usr/lib/jvm/java-1.8.0-openjdk-1.8.0.171-8.b10.el7_5.x86_64/jre/lib/ext/sunec.jar
2018-06-17 15:39:40,616 [user:*admin] [pipeline:testcopy/testcopy9a396a31-25f2-42a8-99f6-2bd91c094bfc] [runner:0] [thread:ProductionPipelineRunnable-testcopy9a396a31-25f2-42a8-99f6-2bd91c094bfc-testcopy] INFO  ScalaScriptDProcessor - cl1::com.streamsets.pipeline.SDCClassLoader:sun.misc.Launcher$AppClassLoader:sun.misc.Launcher$ExtClassLoaderfile:/usr/lib/jvm/java-1.8.0-openjdk-1.8.0.171-8.b10.el7_5.x86_64/jre/lib/ext/sunjce_provider.jar
2018-06-17 15:39:40,616 [user:*admin] [pipeline:testcopy/testcopy9a396a31-25f2-42a8-99f6-2bd91c094bfc] [runner:0] [thread:ProductionPipelineRunnable-testcopy9a396a31-25f2-42a8-99f6-2bd91c094bfc-testcopy] INFO  ScalaScriptDProcessor - cl1::com.streamsets.pipeline.SDCClassLoader:sun.misc.Launcher$AppClassLoader:sun.misc.Launcher$ExtClassLoaderfile:/usr/lib/jvm/java-1.8.0-openjdk-1.8.0.171-8.b10.el7_5.x86_64/jre/lib/ext/sunpkcs11.jar
2018-06-17 15:39:40,616 [user:*admin] [pipeline:testcopy/testcopy9a396a31-25f2-42a8-99f6-2bd91c094bfc] [runner:0] [thread:ProductionPipelineRunnable-testcopy9a396a31-25f2-42a8-99f6-2bd91c094bfc-testcopy] INFO  ScalaScriptDProcessor - cl1::com.streamsets.pipeline.SDCClassLoader:sun.misc.Launcher$AppClassLoader:sun.misc.Launcher$ExtClassLoaderfile:/usr/lib/jvm/java-1.8.0-openjdk-1.8.0.171-8.b10.el7_5.x86_64/jre/lib/ext/zipfs.jar
2018-06-17 15:39:40,616 [user:*admin] [pipeline:testcopy/testcopy9a396a31-25f2-42a8-99f6-2bd91c094bfc] [runner:0] [thread:ProductionPipelineRunnable-testcopy9a396a31-25f2-42a8-99f6-2bd91c094bfc-testcopy] INFO  ScalaScriptDProcessor - cl1::com.streamsets.pipeline.SDCClassLoader:sun.misc.Launcher$AppClassLoader:sun.misc.Launcher$ExtClassLoaderfile:/usr/lib/jvm/java-1.8.0-openjdk-1.8.0.171-8.b10.el7_5.x86_64/jre/lib/ext/java-atk-wrapper.jar
2018-06-17 15:39:40,616 [user:*admin] [pipeline:testcopy/testcopy9a396a31-25f2-42a8-99f6-2bd91c094bfc] [runner:0] [thread:ProductionPipelineRunnable-testcopy9a396a31-25f2-42a8-99f6-2bd91c094bfc-testcopy] INFO  ScalaScriptDProcessor - cl2:file:/root/streamsets-datacollector-3.3.0/etc/
2018-06-17 15:39:40,616 [user:*admin] [pipeline:testcopy/testcopy9a396a31-25f2-42a8-99f6-2bd91c094bfc] [runner:0] [thread:ProductionPipelineRunnable-testcopy9a396a31-25f2-42a8-99f6-2bd91c094bfc-testcopy] INFO  ScalaScriptDProcessor - cl2:file:/root/streamsets-datacollector-3.3.0/container-lib/jersey-media-jaxb-2.25.1.jar
2018-06-17 15:39:40,616 [user:*admin] [pipeline:testcopy/testcopy9a396a31-25f2-42a8-99f6-2bd91c094bfc] [runner:0] [thread:ProductionPipelineRunnable-testcopy9a396a31-25f2-42a8-99f6-2bd91c094bfc-testcopy] INFO  ScalaScriptDProcessor - cl2:file:/root/streamsets-datacollector-3.3.0/container-lib/jersey-common-2.25.1.jar
2018-06-17 15:39:40,616 [user:*admin] [pipeline:testcopy/testcopy9a396a31-25f2-42a8-99f6-2bd91c094bfc] [runner:0] [thread:ProductionPipelineRunnable-testcopy9a396a31-25f2-42a8-99f6-2bd91c094bfc-testcopy] INFO  ScalaScriptDProcessor - cl2:file:/root/streamsets-datacollector-3.3.0/container-lib/hk2-locator-2.5.0-b32.jar
2018-06-17 15:39:40,616 [user:*admin] [pipeline:testcopy/testcopy9a396a31-25f2-42a8-99f6-2bd91c094bfc] [runner:0] [thread:ProductionPipelineRunnable-testcopy9a396a31-25f2-42a8-99f6-2bd91c094bfc-testcopy] INFO  ScalaScriptDProcessor - cl2:file:/root/streamsets-datacollector-3.3.0/container-lib/jersey-container-servlet-core-2.25.1.jar
2018-06-17 15:39:40,616 [user:*admin] [pipeline:testcopy/testcopy9a396a31-25f2-42a8-99f6-2bd91c094bfc] [runner:0] [thread:ProductionPipelineRunnable-testcopy9a396a31-25f2-42a8-99f6-2bd91c094bfc-testcopy] INFO  ScalaScriptDProcessor - cl2:file:/root/streamsets-datacollector-3.3.0/container-lib/jetty-jaas-9.4.2.v20170220.jar
2018-06-17 15:39:40,616 [user:*admin] [pipeline:testcopy/testcopy9a396a31-25f2-42a8-99f6-2bd91c094bfc] [runner:0] [thread:ProductionPipelineRunnable-testcopy9a396a31-25f2-42a8-99f6-2bd91c094bfc-testcopy] INFO  ScalaScriptDProcessor - cl2:file:/root/streamsets-datacollector-3.3.0/container-lib/hppc-0.7.2.jar
2018-06-17 15:39:40,616 [user:*admin] [pipeline:testcopy/testcopy9a396a31-25f2-42a8-99f6-2bd91c094bfc] [runner:0] [thread:ProductionPipelineRunnable-testcopy9a396a31-25f2-42a8-99f6-2bd91c094bfc-testcopy] INFO  ScalaScriptDProcessor - cl2:file:/root/streamsets-datacollector-3.3.0/container-lib/jetty-servlets-9.4.2.v20170220.jar
2018-06-17 15:39:40,616 [user:*admin] [pipeline:testcopy/testcopy9a396a31-25f2-42a8-99f6-2bd91c094bfc] [runner:0] [thread:ProductionPipelineRunnable-testcopy9a396a31-25f2-42a8-99f6-2bd91c094bfc-testcopy] INFO  ScalaScriptDProcessor - cl2:file:/root/streamsets-datacollector-3.3.0/container-lib/jackson-annotations-2.8.9.jar
2018-06-17 15:39:40,616 [user:*admin] [pipeline:testcopy/testcopy9a396a31-25f2-42a8-99f6-2bd91c094bfc] [runner:0] [thread:ProductionPipelineRunnable-testcopy9a396a31-25f2-42a8-99f6-2bd91c094bfc-testcopy] INFO  ScalaScriptDProcessor - cl2:file:/root/streamsets-datacollector-3.3.0/container-lib/javassist-3.21.0-GA.jar
2018-06-17 15:39:40,616 [user:*admin] [pipeline:testcopy/testcopy9a396a31-25f2-42a8-99f6-2bd91c094bfc] [runner:0] [thread:ProductionPipelineRunnable-testcopy9a396a31-25f2-42a8-99f6-2bd91c094bfc-testcopy] INFO  ScalaScriptDProcessor - cl2:file:/root/streamsets-datacollector-3.3.0/container-lib/httpcore-4.3.3.jar
2018-06-17 15:39:40,616 [user:*admin] [pipeline:testcopy/testcopy9a396a31-25f2-42a8-99f6-2bd91c094bfc] [runner:0] [thread:ProductionPipelineRunnable-testcopy9a396a31-25f2-42a8-99f6-2bd91c094bfc-testcopy] INFO  ScalaScriptDProcessor - cl2:file:/root/streamsets-datacollector-3.3.0/container-lib/kryo-3.0.1.jar
2018-06-17 15:39:40,616 [user:*admin] [pipeline:testcopy/testcopy9a396a31-25f2-42a8-99f6-2bd91c094bfc] [runner:0] [thread:ProductionPipelineRunnable-testcopy9a396a31-25f2-42a8-99f6-2bd91c094bfc-testcopy] INFO  ScalaScriptDProcessor - cl2:file:/root/streamsets-datacollector-3.3.0/container-lib/jetty-client-9.4.2.v20170220.jar
2018-06-17 15:39:40,616 [user:*admin] [pipeline:testcopy/testcopy9a396a31-25f2-42a8-99f6-2bd91c094bfc] [runner:0] [thread:ProductionPipelineRunnable-testcopy9a396a31-25f2-42a8-99f6-2bd91c094bfc-testcopy] INFO  ScalaScriptDProcessor - cl2:file:/root/streamsets-datacollector-3.3.0/container-lib/commons-compress-1.16.1.jar
2018-06-17 15:39:40,616 [user:*admin] [pipeline:testcopy/testcopy9a396a31-25f2-42a8-99f6-2bd91c094bfc] [runner:0] [thread:ProductionPipelineRunnable-testcopy9a396a31-25f2-42a8-99f6-2bd91c094bfc-testcopy] INFO  ScalaScriptDProcessor - cl2:file:/root/streamsets-datacollector-3.3.0/container-lib/swagger-models-1.5.13.jar
2018-06-17 15:39:40,616 [user:*admin] [pipeline:testcopy/testcopy9a396a31-25f2-42a8-99f6-2bd91c094bfc] [runner:0] [thread:ProductionPipelineRunnable-testcopy9a396a31-25f2-42a8-99f6-2bd91c094bfc-testcopy] INFO  ScalaScriptDProcessor - cl2:file:/root/streamsets-datacollector-3.3.0/container-lib/reflectasm-1.10.1.jar
2018-06-17 15:39:40,617 [user:*admin] [pipeline:testcopy/testcopy9a396a31-25f2-42a8-99f6-2bd91c094bfc] [runner:0] [thread:ProductionPipelineRunnable-testcopy9a396a31-25f2-42a8-99f6-2bd91c094bfc-testcopy] INFO  ScalaScriptDProcessor - cl2:file:/root/streamsets-datacollector-3.3.0/container-lib/jackson-databind-2.8.9.jar
2018-06-17 15:39:40,617 [user:*admin] [pipeline:testcopy/testcopy9a396a31-25f2-42a8-99f6-2bd91c094bfc] [runner:0] [thread:ProductionPipelineRunnable-testcopy9a396a31-25f2-42a8-99f6-2bd91c094bfc-testcopy] INFO  ScalaScriptDProcessor - cl2:file:/root/streamsets-datacollector-3.3.0/container-lib/objenesis-2.6.jar
2018-06-17 15:39:40,617 [user:*admin] [pipeline:testcopy/testcopy9a396a31-25f2-42a8-99f6-2bd91c094bfc] [runner:0] [thread:ProductionPipelineRunnable-testcopy9a396a31-25f2-42a8-99f6-2bd91c094bfc-testcopy] INFO  ScalaScriptDProcessor - cl2:file:/root/streamsets-datacollector-3.3.0/container-lib/streamsets-datacollector-messaging-client-3.3.0.jar
2018-06-17 15:39:40,617 [user:*admin] [pipeline:testcopy/testcopy9a396a31-25f2-42a8-99f6-2bd91c094bfc] [runner:0] [thread:ProductionPipelineRunnable-testcopy9a396a31-25f2-42a8-99f6-2bd91c094bfc-testcopy] INFO  ScalaScriptDProcessor - cl2:file:/root/streamsets-datacollector-3.3.0/container-lib/metrics-jvm-3.1.2.jar
2018-06-17 15:39:40,617 [user:*admin] [pipeline:testcopy/testcopy9a396a31-25f2-42a8-99f6-2bd91c094bfc] [runner:0] [thread:ProductionPipelineRunnable-testcopy9a396a31-25f2-42a8-99f6-2bd91c094bfc-testcopy] INFO  ScalaScriptDProcessor - cl2:file:/root/streamsets-datacollector-3.3.0/container-lib/jackson-core-2.8.9.jar
2018-06-17 15:39:40,617 [user:*admin] [pipeline:testcopy/testcopy9a396a31-25f2-42a8-99f6-2bd91c094bfc] [runner:0] [thread:ProductionPipelineRunnable-testcopy9a396a31-25f2-42a8-99f6-2bd91c094bfc-testcopy] INFO  ScalaScriptDProcessor - cl2:file:/root/streamsets-datacollector-3.3.0/container-lib/guava-18.0.jar
2018-06-17 15:39:40,617 [user:*admin] [pipeline:testcopy/testcopy9a396a31-25f2-42a8-99f6-2bd91c094bfc] [runner:0] [thread:ProductionPipelineRunnable-testcopy9a396a31-25f2-42a8-99f6-2bd91c094bfc-testcopy] INFO  ScalaScriptDProcessor - cl2:file:/root/streamsets-datacollector-3.3.0/container-lib/commons-lang3-3.4.jar
2018-06-17 15:39:40,617 [user:*admin] [pipeline:testcopy/testcopy9a396a31-25f2-42a8-99f6-2bd91c094bfc] [runner:0] [thread:ProductionPipelineRunnable-testcopy9a396a31-25f2-42a8-99f6-2bd91c094bfc-testcopy] INFO  ScalaScriptDProcessor - cl2:file:/root/streamsets-datacollector-3.3.0/container-lib/javax.servlet-api-3.1.0.jar
2018-06-17 15:39:40,617 [user:*admin] [pipeline:testcopy/testcopy9a396a31-25f2-42a8-99f6-2bd91c094bfc] [runner:0] [thread:ProductionPipelineRunnable-testcopy9a396a31-25f2-42a8-99f6-2bd91c094bfc-testcopy] INFO  ScalaScriptDProcessor - cl2:file:/root/streamsets-datacollector-3.3.0/container-lib/jersey-guava-2.25.1.jar
2018-06-17 15:39:40,617 [user:*admin] [pipeline:testcopy/testcopy9a396a31-25f2-42a8-99f6-2bd91c094bfc] [runner:0] [thread:ProductionPipelineRunnable-testcopy9a396a31-25f2-42a8-99f6-2bd91c094bfc-testcopy] INFO  ScalaScriptDProcessor - cl2:file:/root/streamsets-datacollector-3.3.0/container-lib/jsr305-3.0.0.jar
2018-06-17 15:39:40,617 [user:*admin] [pipeline:testcopy/testcopy9a396a31-25f2-42a8-99f6-2bd91c094bfc] [runner:0] [thread:ProductionPipelineRunnable-testcopy9a396a31-25f2-42a8-99f6-2bd91c094bfc-testcopy] INFO  ScalaScriptDProcessor - cl2:file:/root/streamsets-datacollector-3.3.0/container-lib/commons-configuration2-2.0.jar
2018-06-17 15:39:40,617 [user:*admin] [pipeline:testcopy/testcopy9a396a31-25f2-42a8-99f6-2bd91c094bfc] [runner:0] [thread:ProductionPipelineRunnable-testcopy9a396a31-25f2-42a8-99f6-2bd91c094bfc-testcopy] INFO  ScalaScriptDProcessor - cl2:file:/root/streamsets-datacollector-3.3.0/container-lib/streamsets-utils-3.3.0.jar
2018-06-17 15:39:40,617 [user:*admin] [pipeline:testcopy/testcopy9a396a31-25f2-42a8-99f6-2bd91c094bfc] [runner:0] [thread:ProductionPipelineRunnable-testcopy9a396a31-25f2-42a8-99f6-2bd91c094bfc-testcopy] INFO  ScalaScriptDProcessor - cl2:file:/root/streamsets-datacollector-3.3.0/container-lib/jsp-api-2.0.jar
2018-06-17 15:39:40,617 [user:*admin] [pipeline:testcopy/testcopy9a396a31-25f2-42a8-99f6-2bd91c094bfc] [runner:0] [thread:ProductionPipelineRunnable-testcopy9a396a31-25f2-42a8-99f6-2bd91c094bfc-testcopy] INFO  ScalaScriptDProcessor - cl2:file:/root/streamsets-datacollector-3.3.0/container-lib/reflections-0.9.10.jar
2018-06-17 15:39:40,617 [user:*admin] [pipeline:testcopy/testcopy9a396a31-25f2-42a8-99f6-2bd91c094bfc] [runner:0] [thread:ProductionPipelineRunnable-testcopy9a396a31-25f2-42a8-99f6-2bd91c094bfc-testcopy] INFO  ScalaScriptDProcessor - cl2:file:/root/streamsets-datacollector-3.3.0/container-lib/snakeyaml-1.17.jar
2018-06-17 15:39:40,618 [user:*admin] [pipeline:testcopy/testcopy9a396a31-25f2-42a8-99f6-2bd91c094bfc] [runner:0] [thread:ProductionPipelineRunnable-testcopy9a396a31-25f2-42a8-99f6-2bd91c094bfc-testcopy] INFO  ScalaScriptDProcessor - cl2:file:/root/streamsets-datacollector-3.3.0/container-lib/websocket-server-9.4.2.v20170220.jar
2018-06-17 15:39:40,618 [user:*admin] [pipeline:testcopy/testcopy9a396a31-25f2-42a8-99f6-2bd91c094bfc] [runner:0] [thread:ProductionPipelineRunnable-testcopy9a396a31-25f2-42a8-99f6-2bd91c094bfc-testcopy] INFO  ScalaScriptDProcessor - cl2:file:/root/streamsets-datacollector-3.3.0/container-lib/commons-pool2-2.4.1.jar
2018-06-17 15:39:40,618 [user:*admin] [pipeline:testcopy/testcopy9a396a31-25f2-42a8-99f6-2bd91c094bfc] [runner:0] [thread:ProductionPipelineRunnable-testcopy9a396a31-25f2-42a8-99f6-2bd91c094bfc-testcopy] INFO  ScalaScriptDProcessor - cl2:file:/root/streamsets-datacollector-3.3.0/container-lib/swagger-core-1.5.13.jar
2018-06-17 15:39:40,618 [user:*admin] [pipeline:testcopy/testcopy9a396a31-25f2-42a8-99f6-2bd91c094bfc] [runner:0] [thread:ProductionPipelineRunnable-testcopy9a396a31-25f2-42a8-99f6-2bd91c094bfc-testcopy] INFO  ScalaScriptDProcessor - cl2:file:/root/streamsets-datacollector-3.3.0/container-lib/commons-logging-1.0.3.jar
2018-06-17 15:39:40,618 [user:*admin] [pipeline:testcopy/testcopy9a396a31-25f2-42a8-99f6-2bd91c094bfc] [runner:0] [thread:ProductionPipelineRunnable-testcopy9a396a31-25f2-42a8-99f6-2bd91c094bfc-testcopy] INFO  ScalaScriptDProcessor - cl2:file:/root/streamsets-datacollector-3.3.0/container-lib/commons-codec-1.10.jar
2018-06-17 15:39:40,618 [user:*admin] [pipeline:testcopy/testcopy9a396a31-25f2-42a8-99f6-2bd91c094bfc] [runner:0] [thread:ProductionPipelineRunnable-testcopy9a396a31-25f2-42a8-99f6-2bd91c094bfc-testcopy] INFO  ScalaScriptDProcessor - cl2:file:/root/streamsets-datacollector-3.3.0/container-lib/jtar-2.2.jar
2018-06-17 15:39:40,618 [user:*admin] [pipeline:testcopy/testcopy9a396a31-25f2-42a8-99f6-2bd91c094bfc] [runner:0] [thread:ProductionPipelineRunnable-testcopy9a396a31-25f2-42a8-99f6-2bd91c094bfc-testcopy] INFO  ScalaScriptDProcessor - cl2:file:/root/streamsets-datacollector-3.3.0/container-lib/jetty-server-9.4.2.v20170220.jar
2018-06-17 15:39:40,618 [user:*admin] [pipeline:testcopy/testcopy9a396a31-25f2-42a8-99f6-2bd91c094bfc] [runner:0] [thread:ProductionPipelineRunnable-testcopy9a396a31-25f2-42a8-99f6-2bd91c094bfc-testcopy] INFO  ScalaScriptDProcessor - cl2:file:/root/streamsets-datacollector-3.3.0/container-lib/metrics-json-3.1.2.jar
2018-06-17 15:39:40,618 [user:*admin] [pipeline:testcopy/testcopy9a396a31-25f2-42a8-99f6-2bd91c094bfc] [runner:0] [thread:ProductionPipelineRunnable-testcopy9a396a31-25f2-42a8-99f6-2bd91c094bfc-testcopy] INFO  ScalaScriptDProcessor - cl2:file:/root/streamsets-datacollector-3.3.0/container-lib/websocket-client-9.4.2.v20170220.jar
2018-06-17 15:39:40,618 [user:*admin] [pipeline:testcopy/testcopy9a396a31-25f2-42a8-99f6-2bd91c094bfc] [runner:0] [thread:ProductionPipelineRunnable-testcopy9a396a31-25f2-42a8-99f6-2bd91c094bfc-testcopy] INFO  ScalaScriptDProcessor - cl2:file:/root/streamsets-datacollector-3.3.0/container-lib/commons-el-1.0.jar
2018-06-17 15:39:40,618 [user:*admin] [pipeline:testcopy/testcopy9a396a31-25f2-42a8-99f6-2bd91c094bfc] [runner:0] [thread:ProductionPipelineRunnable-testcopy9a396a31-25f2-42a8-99f6-2bd91c094bfc-testcopy] INFO  ScalaScriptDProcessor - cl2:file:/root/streamsets-datacollector-3.3.0/container-lib/websocket-servlet-9.4.2.v20170220.jar
2018-06-17 15:39:40,618 [user:*admin] [pipeline:testcopy/testcopy9a396a31-25f2-42a8-99f6-2bd91c094bfc] [runner:0] [thread:ProductionPipelineRunnable-testcopy9a396a31-25f2-42a8-99f6-2bd91c094bfc-testcopy] INFO  ScalaScriptDProcessor - cl2:file:/root/streamsets-datacollector-3.3.0/container-lib/java-uuid-generator-3.1.3.jar
2018-06-17 15:39:40,618 [user:*admin] [pipeline:testcopy/testcopy9a396a31-25f2-42a8-99f6-2bd91c094bfc] [runner:0] [thread:ProductionPipelineRunnable-testcopy9a396a31-25f2-42a8-99f6-2bd91c094bfc-testcopy] INFO  ScalaScriptDProcessor - cl2:file:/root/streamsets-datacollector-3.3.0/container-lib/jersey-entity-filtering-2.25.1.jar
2018-06-17 15:39:40,618 [user:*admin] [pipeline:testcopy/testcopy9a396a31-25f2-42a8-99f6-2bd91c094bfc] [runner:0] [thread:ProductionPipelineRunnable-testcopy9a396a31-25f2-42a8-99f6-2bd91c094bfc-testcopy] INFO  ScalaScriptDProcessor - cl2:file:/root/streamsets-datacollector-3.3.0/container-lib/javax.annotation-api-1.2.jar
2018-06-17 15:39:40,618 [user:*admin] [pipeline:testcopy/testcopy9a396a31-25f2-42a8-99f6-2bd91c094bfc] [runner:0] [thread:ProductionPipelineRunnable-testcopy9a396a31-25f2-42a8-99f6-2bd91c094bfc-testcopy] INFO  ScalaScriptDProcessor - cl2:file:/root/streamsets-datacollector-3.3.0/container-lib/joda-time-2.3.jar
2018-06-17 15:39:40,618 [user:*admin] [pipeline:testcopy/testcopy9a396a31-25f2-42a8-99f6-2bd91c094bfc] [runner:0] [thread:ProductionPipelineRunnable-testcopy9a396a31-25f2-42a8-99f6-2bd91c094bfc-testcopy] INFO  ScalaScriptDProcessor - cl2:file:/root/streamsets-datacollector-3.3.0/container-lib/jetty-http-9.4.2.v20170220.jar
2018-06-17 15:39:40,632 [user:*admin] [pipeline:testcopy/testcopy9a396a31-25f2-42a8-99f6-2bd91c094bfc] [runner:0] [thread:ProductionPipelineRunnable-testcopy9a396a31-25f2-42a8-99f6-2bd91c094bfc-testcopy] INFO  ScalaScriptDProcessor - cl2:file:/root/streamsets-datacollector-3.3.0/container-lib/jackson-dataformat-yaml-2.8.5.jar
2018-06-17 15:39:40,632 [user:*admin] [pipeline:testcopy/testcopy9a396a31-25f2-42a8-99f6-2bd91c094bfc] [runner:0] [thread:ProductionPipelineRunnable-testcopy9a396a31-25f2-42a8-99f6-2bd91c094bfc-testcopy] INFO  ScalaScriptDProcessor - cl2:file:/root/streamsets-datacollector-3.3.0/container-lib/aws-java-sdk-kms-1.10.59.jar
2018-06-17 15:39:40,632 [user:*admin] [pipeline:testcopy/testcopy9a396a31-25f2-42a8-99f6-2bd91c094bfc] [runner:0] [thread:ProductionPipelineRunnable-testcopy9a396a31-25f2-42a8-99f6-2bd91c094bfc-testcopy] INFO  ScalaScriptDProcessor - cl2:file:/root/streamsets-datacollector-3.3.0/container-lib/osgi-resource-locator-1.0.1.jar
2018-06-17 15:39:40,632 [user:*admin] [pipeline:testcopy/testcopy9a396a31-25f2-42a8-99f6-2bd91c094bfc] [runner:0] [thread:ProductionPipelineRunnable-testcopy9a396a31-25f2-42a8-99f6-2bd91c094bfc-testcopy] INFO  ScalaScriptDProcessor - cl2:file:/root/streamsets-datacollector-3.3.0/container-lib/jetty-security-9.4.2.v20170220.jar
2018-06-17 15:39:40,632 [user:*admin] [pipeline:testcopy/testcopy9a396a31-25f2-42a8-99f6-2bd91c094bfc] [runner:0] [thread:ProductionPipelineRunnable-testcopy9a396a31-25f2-42a8-99f6-2bd91c094bfc-testcopy] INFO  ScalaScriptDProcessor - cl2:file:/root/streamsets-datacollector-3.3.0/container-lib/jetty-webapp-9.4.2.v20170220.jar
2018-06-17 15:39:40,632 [user:*admin] [pipeline:testcopy/testcopy9a396a31-25f2-42a8-99f6-2bd91c094bfc] [runner:0] [thread:ProductionPipelineRunnable-testcopy9a396a31-25f2-42a8-99f6-2bd91c094bfc-testcopy] INFO  ScalaScriptDProcessor - cl2:file:/root/streamsets-datacollector-3.3.0/container-lib/websocket-api-9.4.2.v20170220.jar
2018-06-17 15:39:40,632 [user:*admin] [pipeline:testcopy/testcopy9a396a31-25f2-42a8-99f6-2bd91c094bfc] [runner:0] [thread:ProductionPipelineRunnable-testcopy9a396a31-25f2-42a8-99f6-2bd91c094bfc-testcopy] INFO  ScalaScriptDProcessor - cl2:file:/root/streamsets-datacollector-3.3.0/container-lib/swagger-jaxrs-1.5.13.jar
2018-06-17 15:39:40,632 [user:*admin] [pipeline:testcopy/testcopy9a396a31-25f2-42a8-99f6-2bd91c094bfc] [runner:0] [thread:ProductionPipelineRunnable-testcopy9a396a31-25f2-42a8-99f6-2bd91c094bfc-testcopy] INFO  ScalaScriptDProcessor - cl2:file:/root/streamsets-datacollector-3.3.0/container-lib/annotations-2.0.1.jar
2018-06-17 15:39:40,632 [user:*admin] [pipeline:testcopy/testcopy9a396a31-25f2-42a8-99f6-2bd91c094bfc] [runner:0] [thread:ProductionPipelineRunnable-testcopy9a396a31-25f2-42a8-99f6-2bd91c094bfc-testcopy] INFO  ScalaScriptDProcessor - cl2:file:/root/streamsets-datacollector-3.3.0/container-lib/httpclient-4.3.6.jar
2018-06-17 15:39:40,632 [user:*admin] [pipeline:testcopy/testcopy9a396a31-25f2-42a8-99f6-2bd91c094bfc] [runner:0] [thread:ProductionPipelineRunnable-testcopy9a396a31-25f2-42a8-99f6-2bd91c094bfc-testcopy] INFO  ScalaScriptDProcessor - cl2:file:/root/streamsets-datacollector-3.3.0/container-lib/jersey-server-2.25.1.jar
2018-06-17 15:39:40,632 [user:*admin] [pipeline:testcopy/testcopy9a396a31-25f2-42a8-99f6-2bd91c094bfc] [runner:0] [thread:ProductionPipelineRunnable-testcopy9a396a31-25f2-42a8-99f6-2bd91c094bfc-testcopy] INFO  ScalaScriptDProcessor - cl2:file:/root/streamsets-datacollector-3.3.0/container-lib/streamsets-datacollector-container-3.3.0.jar
2018-06-17 15:39:40,632 [user:*admin] [pipeline:testcopy/testcopy9a396a31-25f2-42a8-99f6-2bd91c094bfc] [runner:0] [thread:ProductionPipelineRunnable-testcopy9a396a31-25f2-42a8-99f6-2bd91c094bfc-testcopy] INFO  ScalaScriptDProcessor - cl2:file:/root/streamsets-datacollector-3.3.0/container-lib/jetty-xml-9.4.2.v20170220.jar
2018-06-17 15:39:40,632 [user:*admin] [pipeline:testcopy/testcopy9a396a31-25f2-42a8-99f6-2bd91c094bfc] [runner:0] [thread:ProductionPipelineRunnable-testcopy9a396a31-25f2-42a8-99f6-2bd91c094bfc-testcopy] INFO  ScalaScriptDProcessor - cl2:file:/root/streamsets-datacollector-3.3.0/container-lib/snappy-0.4.jar
2018-06-17 15:39:40,632 [user:*admin] [pipeline:testcopy/testcopy9a396a31-25f2-42a8-99f6-2bd91c094bfc] [runner:0] [thread:ProductionPipelineRunnable-testcopy9a396a31-25f2-42a8-99f6-2bd91c094bfc-testcopy] INFO  ScalaScriptDProcessor - cl2:file:/root/streamsets-datacollector-3.3.0/container-lib/streamsets-datacollector-container-common-3.3.0.jar
2018-06-17 15:39:40,632 [user:*admin] [pipeline:testcopy/testcopy9a396a31-25f2-42a8-99f6-2bd91c094bfc] [runner:0] [thread:ProductionPipelineRunnable-testcopy9a396a31-25f2-42a8-99f6-2bd91c094bfc-testcopy] INFO  ScalaScriptDProcessor - cl2:file:/root/streamsets-datacollector-3.3.0/container-lib/jackson-jaxrs-base-2.8.4.jar
2018-06-17 15:39:40,632 [user:*admin] [pipeline:testcopy/testcopy9a396a31-25f2-42a8-99f6-2bd91c094bfc] [runner:0] [thread:ProductionPipelineRunnable-testcopy9a396a31-25f2-42a8-99f6-2bd91c094bfc-testcopy] INFO  ScalaScriptDProcessor - cl2:file:/root/streamsets-datacollector-3.3.0/container-lib/minlog-1.3.0.jar
2018-06-17 15:39:40,632 [user:*admin] [pipeline:testcopy/testcopy9a396a31-25f2-42a8-99f6-2bd91c094bfc] [runner:0] [thread:ProductionPipelineRunnable-testcopy9a396a31-25f2-42a8-99f6-2bd91c094bfc-testcopy] INFO  ScalaScriptDProcessor - cl2:file:/root/streamsets-datacollector-3.3.0/container-lib/mail-1.4.7.jar
2018-06-17 15:39:40,632 [user:*admin] [pipeline:testcopy/testcopy9a396a31-25f2-42a8-99f6-2bd91c094bfc] [runner:0] [thread:ProductionPipelineRunnable-testcopy9a396a31-25f2-42a8-99f6-2bd91c094bfc-testcopy] INFO  ScalaScriptDProcessor - cl2:file:/root/streamsets-datacollector-3.3.0/container-lib/aopalliance-repackaged-2.5.0-b32.jar
2018-06-17 15:39:40,632 [user:*admin] [pipeline:testcopy/testcopy9a396a31-25f2-42a8-99f6-2bd91c094bfc] [runner:0] [thread:ProductionPipelineRunnable-testcopy9a396a31-25f2-42a8-99f6-2bd91c094bfc-testcopy] INFO  ScalaScriptDProcessor - cl2:file:/root/streamsets-datacollector-3.3.0/container-lib/commons-io-2.4.jar
2018-06-17 15:39:40,632 [user:*admin] [pipeline:testcopy/testcopy9a396a31-25f2-42a8-99f6-2bd91c094bfc] [runner:0] [thread:ProductionPipelineRunnable-testcopy9a396a31-25f2-42a8-99f6-2bd91c094bfc-testcopy] INFO  ScalaScriptDProcessor - cl2:file:/root/streamsets-datacollector-3.3.0/container-lib/streamsets-datacollector-stagesupport-3.3.0.jar
2018-06-17 15:39:40,632 [user:*admin] [pipeline:testcopy/testcopy9a396a31-25f2-42a8-99f6-2bd91c094bfc] [runner:0] [thread:ProductionPipelineRunnable-testcopy9a396a31-25f2-42a8-99f6-2bd91c094bfc-testcopy] INFO  ScalaScriptDProcessor - cl2:file:/root/streamsets-datacollector-3.3.0/container-lib/swagger-annotations-1.5.13.jar
2018-06-17 15:39:40,640 [user:*admin] [pipeline:testcopy/testcopy9a396a31-25f2-42a8-99f6-2bd91c094bfc] [runner:0] [thread:ProductionPipelineRunnable-testcopy9a396a31-25f2-42a8-99f6-2bd91c094bfc-testcopy] INFO  ScalaScriptDProcessor - cl2:file:/root/streamsets-datacollector-3.3.0/container-lib/commons-collections-3.2.2.jar
2018-06-17 15:39:40,641 [user:*admin] [pipeline:testcopy/testcopy9a396a31-25f2-42a8-99f6-2bd91c094bfc] [runner:0] [thread:ProductionPipelineRunnable-testcopy9a396a31-25f2-42a8-99f6-2bd91c094bfc-testcopy] INFO  ScalaScriptDProcessor - cl2:file:/root/streamsets-datacollector-3.3.0/container-lib/streamsets-datacollector-common-3.3.0.jar
2018-06-17 15:39:40,641 [user:*admin] [pipeline:testcopy/testcopy9a396a31-25f2-42a8-99f6-2bd91c094bfc] [runner:0] [thread:ProductionPipelineRunnable-testcopy9a396a31-25f2-42a8-99f6-2bd91c094bfc-testcopy] INFO  ScalaScriptDProcessor - cl2:file:/root/streamsets-datacollector-3.3.0/container-lib/mimepull-1.9.6.jar
2018-06-17 15:39:40,641 [user:*admin] [pipeline:testcopy/testcopy9a396a31-25f2-42a8-99f6-2bd91c094bfc] [runner:0] [thread:ProductionPipelineRunnable-testcopy9a396a31-25f2-42a8-99f6-2bd91c094bfc-testcopy] INFO  ScalaScriptDProcessor - cl2:file:/root/streamsets-datacollector-3.3.0/container-lib/javax.ws.rs-api-2.0.1.jar
2018-06-17 15:39:40,641 [user:*admin] [pipeline:testcopy/testcopy9a396a31-25f2-42a8-99f6-2bd91c094bfc] [runner:0] [thread:ProductionPipelineRunnable-testcopy9a396a31-25f2-42a8-99f6-2bd91c094bfc-testcopy] INFO  ScalaScriptDProcessor - cl2:file:/root/streamsets-datacollector-3.3.0/container-lib/jetty-servlet-9.4.2.v20170220.jar
2018-06-17 15:39:40,641 [user:*admin] [pipeline:testcopy/testcopy9a396a31-25f2-42a8-99f6-2bd91c094bfc] [runner:0] [thread:ProductionPipelineRunnable-testcopy9a396a31-25f2-42a8-99f6-2bd91c094bfc-testcopy] INFO  ScalaScriptDProcessor - cl2:file:/root/streamsets-datacollector-3.3.0/container-lib/swagger-jersey2-jaxrs-1.5.13.jar
2018-06-17 15:39:40,641 [user:*admin] [pipeline:testcopy/testcopy9a396a31-25f2-42a8-99f6-2bd91c094bfc] [runner:0] [thread:ProductionPipelineRunnable-testcopy9a396a31-25f2-42a8-99f6-2bd91c094bfc-testcopy] INFO  ScalaScriptDProcessor - cl2:file:/root/streamsets-datacollector-3.3.0/container-lib/websocket-common-9.4.2.v20170220.jar
2018-06-17 15:39:40,641 [user:*admin] [pipeline:testcopy/testcopy9a396a31-25f2-42a8-99f6-2bd91c094bfc] [runner:0] [thread:ProductionPipelineRunnable-testcopy9a396a31-25f2-42a8-99f6-2bd91c094bfc-testcopy] INFO  ScalaScriptDProcessor - cl2:file:/root/streamsets-datacollector-3.3.0/container-lib/commons-beanutils-1.9.3.jar
2018-06-17 15:39:40,641 [user:*admin] [pipeline:testcopy/testcopy9a396a31-25f2-42a8-99f6-2bd91c094bfc] [runner:0] [thread:ProductionPipelineRunnable-testcopy9a396a31-25f2-42a8-99f6-2bd91c094bfc-testcopy] INFO  ScalaScriptDProcessor - cl2:file:/root/streamsets-datacollector-3.3.0/container-lib/jersey-media-json-jackson-2.25.1.jar
2018-06-17 15:39:40,641 [user:*admin] [pipeline:testcopy/testcopy9a396a31-25f2-42a8-99f6-2bd91c094bfc] [runner:0] [thread:ProductionPipelineRunnable-testcopy9a396a31-25f2-42a8-99f6-2bd91c094bfc-testcopy] INFO  ScalaScriptDProcessor - cl2:file:/root/streamsets-datacollector-3.3.0/container-lib/jersey-client-2.25.1.jar
2018-06-17 15:39:40,641 [user:*admin] [pipeline:testcopy/testcopy9a396a31-25f2-42a8-99f6-2bd91c094bfc] [runner:0] [thread:ProductionPipelineRunnable-testcopy9a396a31-25f2-42a8-99f6-2bd91c094bfc-testcopy] INFO  ScalaScriptDProcessor - cl2:file:/root/streamsets-datacollector-3.3.0/container-lib/jetty-rewrite-9.4.2.v20170220.jar
2018-06-17 15:39:40,641 [user:*admin] [pipeline:testcopy/testcopy9a396a31-25f2-42a8-99f6-2bd91c094bfc] [runner:0] [thread:ProductionPipelineRunnable-testcopy9a396a31-25f2-42a8-99f6-2bd91c094bfc-testcopy] INFO  ScalaScriptDProcessor - cl2:file:/root/streamsets-datacollector-3.3.0/container-lib/javax.inject-1.jar
2018-06-17 15:39:40,641 [user:*admin] [pipeline:testcopy/testcopy9a396a31-25f2-42a8-99f6-2bd91c094bfc] [runner:0] [thread:ProductionPipelineRunnable-testcopy9a396a31-25f2-42a8-99f6-2bd91c094bfc-testcopy] INFO  ScalaScriptDProcessor - cl2:file:/root/streamsets-datacollector-3.3.0/container-lib/aws-java-sdk-s3-1.10.59.jar
2018-06-17 15:39:40,641 [user:*admin] [pipeline:testcopy/testcopy9a396a31-25f2-42a8-99f6-2bd91c094bfc] [runner:0] [thread:ProductionPipelineRunnable-testcopy9a396a31-25f2-42a8-99f6-2bd91c094bfc-testcopy] INFO  ScalaScriptDProcessor - cl2:file:/root/streamsets-datacollector-3.3.0/container-lib/javax.inject-2.5.0-b32.jar
2018-06-17 15:39:40,642 [user:*admin] [pipeline:testcopy/testcopy9a396a31-25f2-42a8-99f6-2bd91c094bfc] [runner:0] [thread:ProductionPipelineRunnable-testcopy9a396a31-25f2-42a8-99f6-2bd91c094bfc-testcopy] INFO  ScalaScriptDProcessor - cl2:file:/root/streamsets-datacollector-3.3.0/container-lib/validation-api-1.1.0.Final.jar
2018-06-17 15:39:40,642 [user:*admin] [pipeline:testcopy/testcopy9a396a31-25f2-42a8-99f6-2bd91c094bfc] [runner:0] [thread:ProductionPipelineRunnable-testcopy9a396a31-25f2-42a8-99f6-2bd91c094bfc-testcopy] INFO  ScalaScriptDProcessor - cl2:file:/root/streamsets-datacollector-3.3.0/container-lib/activation-1.1.jar
2018-06-17 15:39:40,642 [user:*admin] [pipeline:testcopy/testcopy9a396a31-25f2-42a8-99f6-2bd91c094bfc] [runner:0] [thread:ProductionPipelineRunnable-testcopy9a396a31-25f2-42a8-99f6-2bd91c094bfc-testcopy] INFO  ScalaScriptDProcessor - cl2:file:/root/streamsets-datacollector-3.3.0/container-lib/hk2-api-2.5.0-b32.jar
2018-06-17 15:39:40,642 [user:*admin] [pipeline:testcopy/testcopy9a396a31-25f2-42a8-99f6-2bd91c094bfc] [runner:0] [thread:ProductionPipelineRunnable-testcopy9a396a31-25f2-42a8-99f6-2bd91c094bfc-testcopy] INFO  ScalaScriptDProcessor - cl2:file:/root/streamsets-datacollector-3.3.0/container-lib/selma-0.13.jar
2018-06-17 15:39:40,642 [user:*admin] [pipeline:testcopy/testcopy9a396a31-25f2-42a8-99f6-2bd91c094bfc] [runner:0] [thread:ProductionPipelineRunnable-testcopy9a396a31-25f2-42a8-99f6-2bd91c094bfc-testcopy] INFO  ScalaScriptDProcessor - cl2:file:/root/streamsets-datacollector-3.3.0/container-lib/jackson-module-jaxb-annotations-2.8.9.jar
2018-06-17 15:39:40,642 [user:*admin] [pipeline:testcopy/testcopy9a396a31-25f2-42a8-99f6-2bd91c094bfc] [runner:0] [thread:ProductionPipelineRunnable-testcopy9a396a31-25f2-42a8-99f6-2bd91c094bfc-testcopy] INFO  ScalaScriptDProcessor - cl2:file:/root/streamsets-datacollector-3.3.0/container-lib/jersey-media-multipart-2.25.1.jar
2018-06-17 15:39:40,642 [user:*admin] [pipeline:testcopy/testcopy9a396a31-25f2-42a8-99f6-2bd91c094bfc] [runner:0] [thread:ProductionPipelineRunnable-testcopy9a396a31-25f2-42a8-99f6-2bd91c094bfc-testcopy] INFO  ScalaScriptDProcessor - cl2:file:/root/streamsets-datacollector-3.3.0/container-lib/dagger-1.2.2.jar
2018-06-17 15:39:40,642 [user:*admin] [pipeline:testcopy/testcopy9a396a31-25f2-42a8-99f6-2bd91c094bfc] [runner:0] [thread:ProductionPipelineRunnable-testcopy9a396a31-25f2-42a8-99f6-2bd91c094bfc-testcopy] INFO  ScalaScriptDProcessor - cl2:file:/root/streamsets-datacollector-3.3.0/container-lib/hk2-utils-2.5.0-b32.jar
2018-06-17 15:39:40,642 [user:*admin] [pipeline:testcopy/testcopy9a396a31-25f2-42a8-99f6-2bd91c094bfc] [runner:0] [thread:ProductionPipelineRunnable-testcopy9a396a31-25f2-42a8-99f6-2bd91c094bfc-testcopy] INFO  ScalaScriptDProcessor - cl2:file:/root/streamsets-datacollector-3.3.0/container-lib/jetty-io-9.4.2.v20170220.jar
2018-06-17 15:39:40,642 [user:*admin] [pipeline:testcopy/testcopy9a396a31-25f2-42a8-99f6-2bd91c094bfc] [runner:0] [thread:ProductionPipelineRunnable-testcopy9a396a31-25f2-42a8-99f6-2bd91c094bfc-testcopy] INFO  ScalaScriptDProcessor - cl2:file:/root/streamsets-datacollector-3.3.0/container-lib/jetty-util-9.4.2.v20170220.jar
2018-06-17 15:39:40,642 [user:*admin] [pipeline:testcopy/testcopy9a396a31-25f2-42a8-99f6-2bd91c094bfc] [runner:0] [thread:ProductionPipelineRunnable-testcopy9a396a31-25f2-42a8-99f6-2bd91c094bfc-testcopy] INFO  ScalaScriptDProcessor - cl2:file:/root/streamsets-datacollector-3.3.0/container-lib/jersey-container-servlet-2.25.1.jar
2018-06-17 15:39:40,642 [user:*admin] [pipeline:testcopy/testcopy9a396a31-25f2-42a8-99f6-2bd91c094bfc] [runner:0] [thread:ProductionPipelineRunnable-testcopy9a396a31-25f2-42a8-99f6-2bd91c094bfc-testcopy] INFO  ScalaScriptDProcessor - cl2:file:/root/streamsets-datacollector-3.3.0/container-lib/streamsets-datacollector-json-dto-3.3.0.jar
2018-06-17 15:39:40,642 [user:*admin] [pipeline:testcopy/testcopy9a396a31-25f2-42a8-99f6-2bd91c094bfc] [runner:0] [thread:ProductionPipelineRunnable-testcopy9a396a31-25f2-42a8-99f6-2bd91c094bfc-testcopy] INFO  ScalaScriptDProcessor - cl2:file:/root/streamsets-datacollector-3.3.0/container-lib/jetty-continuation-9.4.2.v20170220.jar
2018-06-17 15:39:40,642 [user:*admin] [pipeline:testcopy/testcopy9a396a31-25f2-42a8-99f6-2bd91c094bfc] [runner:0] [thread:ProductionPipelineRunnable-testcopy9a396a31-25f2-42a8-99f6-2bd91c094bfc-testcopy] INFO  ScalaScriptDProcessor - cl2:file:/root/streamsets-datacollector-3.3.0/container-lib/aws-java-sdk-core-1.10.59.jar
2018-06-17 15:39:40,642 [user:*admin] [pipeline:testcopy/testcopy9a396a31-25f2-42a8-99f6-2bd91c094bfc] [runner:0] [thread:ProductionPipelineRunnable-testcopy9a396a31-25f2-42a8-99f6-2bd91c094bfc-testcopy] INFO  ScalaScriptDProcessor - cl2:file:/root/streamsets-datacollector-3.3.0/container-lib/asm-5.0.3.jar
2018-06-17 15:39:40,642 [user:*admin] [pipeline:testcopy/testcopy9a396a31-25f2-42a8-99f6-2bd91c094bfc] [runner:0] [thread:ProductionPipelineRunnable-testcopy9a396a31-25f2-42a8-99f6-2bd91c094bfc-testcopy] INFO  ScalaScriptDProcessor - cl2:file:/root/streamsets-datacollector-3.3.0/container-lib/jackson-jaxrs-json-provider-2.8.9.jar
2018-06-17 15:39:40,642 [user:*admin] [pipeline:testcopy/testcopy9a396a31-25f2-42a8-99f6-2bd91c094bfc] [runner:0] [thread:ProductionPipelineRunnable-testcopy9a396a31-25f2-42a8-99f6-2bd91c094bfc-testcopy] INFO  ScalaScriptDProcessor - cl2:file:/root/streamsets-datacollector-3.3.0/container-lib/streamsets-sso-3.3.0.jar
2018-06-17 15:39:40,642 [user:*admin] [pipeline:testcopy/testcopy9a396a31-25f2-42a8-99f6-2bd91c094bfc] [runner:0] [thread:ProductionPipelineRunnable-testcopy9a396a31-25f2-42a8-99f6-2bd91c094bfc-testcopy] INFO  ScalaScriptDProcessor - cl2:file:/root/streamsets-datacollector-3.3.0/container-lib/ldaptive-1.0.9.jar
2018-06-17 15:39:40,642 [user:*admin] [pipeline:testcopy/testcopy9a396a31-25f2-42a8-99f6-2bd91c094bfc] [runner:0] [thread:ProductionPipelineRunnable-testcopy9a396a31-25f2-42a8-99f6-2bd91c094bfc-testcopy] INFO  ScalaScriptDProcessor - cl2::com.streamsets.pipeline.SDCClassLoaderfile:/root/streamsets-datacollector-3.3.0/api-lib/log4j-1.2.17.jar
2018-06-17 15:39:40,642 [user:*admin] [pipeline:testcopy/testcopy9a396a31-25f2-42a8-99f6-2bd91c094bfc] [runner:0] [thread:ProductionPipelineRunnable-testcopy9a396a31-25f2-42a8-99f6-2bd91c094bfc-testcopy] INFO  ScalaScriptDProcessor - cl2::com.streamsets.pipeline.SDCClassLoaderfile:/root/streamsets-datacollector-3.3.0/api-lib/slf4j-api-1.7.7.jar
2018-06-17 15:39:40,642 [user:*admin] [pipeline:testcopy/testcopy9a396a31-25f2-42a8-99f6-2bd91c094bfc] [runner:0] [thread:ProductionPipelineRunnable-testcopy9a396a31-25f2-42a8-99f6-2bd91c094bfc-testcopy] INFO  ScalaScriptDProcessor - cl2::com.streamsets.pipeline.SDCClassLoaderfile:/root/streamsets-datacollector-3.3.0/api-lib/jul-to-slf4j-1.7.7.jar
2018-06-17 15:39:40,642 [user:*admin] [pipeline:testcopy/testcopy9a396a31-25f2-42a8-99f6-2bd91c094bfc] [runner:0] [thread:ProductionPipelineRunnable-testcopy9a396a31-25f2-42a8-99f6-2bd91c094bfc-testcopy] INFO  ScalaScriptDProcessor - cl2::com.streamsets.pipeline.SDCClassLoaderfile:/root/streamsets-datacollector-3.3.0/api-lib/slf4j-log4j12-1.7.7.jar
2018-06-17 15:39:40,642 [user:*admin] [pipeline:testcopy/testcopy9a396a31-25f2-42a8-99f6-2bd91c094bfc] [runner:0] [thread:ProductionPipelineRunnable-testcopy9a396a31-25f2-42a8-99f6-2bd91c094bfc-testcopy] INFO  ScalaScriptDProcessor - cl2::com.streamsets.pipeline.SDCClassLoaderfile:/root/streamsets-datacollector-3.3.0/api-lib/annotations-java5-15.0.jar
2018-06-17 15:39:40,643 [user:*admin] [pipeline:testcopy/testcopy9a396a31-25f2-42a8-99f6-2bd91c094bfc] [runner:0] [thread:ProductionPipelineRunnable-testcopy9a396a31-25f2-42a8-99f6-2bd91c094bfc-testcopy] INFO  ScalaScriptDProcessor - cl2::com.streamsets.pipeline.SDCClassLoaderfile:/root/streamsets-datacollector-3.3.0/api-lib/metrics-core-3.1.2.jar
2018-06-17 15:39:40,643 [user:*admin] [pipeline:testcopy/testcopy9a396a31-25f2-42a8-99f6-2bd91c094bfc] [runner:0] [thread:ProductionPipelineRunnable-testcopy9a396a31-25f2-42a8-99f6-2bd91c094bfc-testcopy] INFO  ScalaScriptDProcessor - cl2::com.streamsets.pipeline.SDCClassLoaderfile:/root/streamsets-datacollector-3.3.0/api-lib/streamsets-datacollector-api-3.3.0.jar
2018-06-17 15:39:40,643 [user:*admin] [pipeline:testcopy/testcopy9a396a31-25f2-42a8-99f6-2bd91c094bfc] [runner:0] [thread:ProductionPipelineRunnable-testcopy9a396a31-25f2-42a8-99f6-2bd91c094bfc-testcopy] INFO  ScalaScriptDProcessor - cl2::com.streamsets.pipeline.SDCClassLoader:sun.misc.Launcher$AppClassLoaderfile:/root/streamsets-datacollector-3.3.0/libexec/bootstrap-libs/main/streamsets-datacollector-bootstrap-3.3.0.jar
2018-06-17 15:39:40,643 [user:*admin] [pipeline:testcopy/testcopy9a396a31-25f2-42a8-99f6-2bd91c094bfc] [runner:0] [thread:ProductionPipelineRunnable-testcopy9a396a31-25f2-42a8-99f6-2bd91c094bfc-testcopy] INFO  ScalaScriptDProcessor - cl2::com.streamsets.pipeline.SDCClassLoader:sun.misc.Launcher$AppClassLoaderfile:/root/streamsets-datacollector-3.3.0/root-lib/snappy-java-1.0.5.jar
2018-06-17 15:39:40,643 [user:*admin] [pipeline:testcopy/testcopy9a396a31-25f2-42a8-99f6-2bd91c094bfc] [runner:0] [thread:ProductionPipelineRunnable-testcopy9a396a31-25f2-42a8-99f6-2bd91c094bfc-testcopy] INFO  ScalaScriptDProcessor - cl2::com.streamsets.pipeline.SDCClassLoader:sun.misc.Launcher$AppClassLoaderfile:/root/streamsets-datacollector-3.3.0/libexec/bootstrap-libs/main/streamsets-datacollector-bootstrap-3.3.0.jar
2018-06-17 15:39:40,643 [user:*admin] [pipeline:testcopy/testcopy9a396a31-25f2-42a8-99f6-2bd91c094bfc] [runner:0] [thread:ProductionPipelineRunnable-testcopy9a396a31-25f2-42a8-99f6-2bd91c094bfc-testcopy] INFO  ScalaScriptDProcessor - cl2::com.streamsets.pipeline.SDCClassLoader:sun.misc.Launcher$AppClassLoader:sun.misc.Launcher$ExtClassLoaderfile:/usr/lib/jvm/java-1.8.0-openjdk-1.8.0.171-8.b10.el7_5.x86_64/jre/lib/ext/cldrdata.jar
2018-06-17 15:39:40,643 [user:*admin] [pipeline:testcopy/testcopy9a396a31-25f2-42a8-99f6-2bd91c094bfc] [runner:0] [thread:ProductionPipelineRunnable-testcopy9a396a31-25f2-42a8-99f6-2bd91c094bfc-testcopy] INFO  ScalaScriptDProcessor - cl2::com.streamsets.pipeline.SDCClassLoader:sun.misc.Launcher$AppClassLoader:sun.misc.Launcher$ExtClassLoaderfile:/usr/lib/jvm/java-1.8.0-openjdk-1.8.0.171-8.b10.el7_5.x86_64/jre/lib/ext/dnsns.jar
2018-06-17 15:39:40,643 [user:*admin] [pipeline:testcopy/testcopy9a396a31-25f2-42a8-99f6-2bd91c094bfc] [runner:0] [thread:ProductionPipelineRunnable-testcopy9a396a31-25f2-42a8-99f6-2bd91c094bfc-testcopy] INFO  ScalaScriptDProcessor - cl2::com.streamsets.pipeline.SDCClassLoader:sun.misc.Launcher$AppClassLoader:sun.misc.Launcher$ExtClassLoaderfile:/usr/lib/jvm/java-1.8.0-openjdk-1.8.0.171-8.b10.el7_5.x86_64/jre/lib/ext/jaccess.jar
2018-06-17 15:39:40,643 [user:*admin] [pipeline:testcopy/testcopy9a396a31-25f2-42a8-99f6-2bd91c094bfc] [runner:0] [thread:ProductionPipelineRunnable-testcopy9a396a31-25f2-42a8-99f6-2bd91c094bfc-testcopy] INFO  ScalaScriptDProcessor - cl2::com.streamsets.pipeline.SDCClassLoader:sun.misc.Launcher$AppClassLoader:sun.misc.Launcher$ExtClassLoaderfile:/usr/lib/jvm/java-1.8.0-openjdk-1.8.0.171-8.b10.el7_5.x86_64/jre/lib/ext/localedata.jar
2018-06-17 15:39:40,643 [user:*admin] [pipeline:testcopy/testcopy9a396a31-25f2-42a8-99f6-2bd91c094bfc] [runner:0] [thread:ProductionPipelineRunnable-testcopy9a396a31-25f2-42a8-99f6-2bd91c094bfc-testcopy] INFO  ScalaScriptDProcessor - cl2::com.streamsets.pipeline.SDCClassLoader:sun.misc.Launcher$AppClassLoader:sun.misc.Launcher$ExtClassLoaderfile:/usr/lib/jvm/java-1.8.0-openjdk-1.8.0.171-8.b10.el7_5.x86_64/jre/lib/ext/nashorn.jar
2018-06-17 15:39:40,643 [user:*admin] [pipeline:testcopy/testcopy9a396a31-25f2-42a8-99f6-2bd91c094bfc] [runner:0] [thread:ProductionPipelineRunnable-testcopy9a396a31-25f2-42a8-99f6-2bd91c094bfc-testcopy] INFO  ScalaScriptDProcessor - cl2::com.streamsets.pipeline.SDCClassLoader:sun.misc.Launcher$AppClassLoader:sun.misc.Launcher$ExtClassLoaderfile:/usr/lib/jvm/java-1.8.0-openjdk-1.8.0.171-8.b10.el7_5.x86_64/jre/lib/ext/sunec.jar
2018-06-17 15:39:40,643 [user:*admin] [pipeline:testcopy/testcopy9a396a31-25f2-42a8-99f6-2bd91c094bfc] [runner:0] [thread:ProductionPipelineRunnable-testcopy9a396a31-25f2-42a8-99f6-2bd91c094bfc-testcopy] INFO  ScalaScriptDProcessor - cl2::com.streamsets.pipeline.SDCClassLoader:sun.misc.Launcher$AppClassLoader:sun.misc.Launcher$ExtClassLoaderfile:/usr/lib/jvm/java-1.8.0-openjdk-1.8.0.171-8.b10.el7_5.x86_64/jre/lib/ext/sunjce_provider.jar
2018-06-17 15:39:40,643 [user:*admin] [pipeline:testcopy/testcopy9a396a31-25f2-42a8-99f6-2bd91c094bfc] [runner:0] [thread:ProductionPipelineRunnable-testcopy9a396a31-25f2-42a8-99f6-2bd91c094bfc-testcopy] INFO  ScalaScriptDProcessor - cl2::com.streamsets.pipeline.SDCClassLoader:sun.misc.Launcher$AppClassLoader:sun.misc.Launcher$ExtClassLoaderfile:/usr/lib/jvm/java-1.8.0-openjdk-1.8.0.171-8.b10.el7_5.x86_64/jre/lib/ext/sunpkcs11.jar
2018-06-17 15:39:40,643 [user:*admin] [pipeline:testcopy/testcopy9a396a31-25f2-42a8-99f6-2bd91c094bfc] [runner:0] [thread:ProductionPipelineRunnable-testcopy9a396a31-25f2-42a8-99f6-2bd91c094bfc-testcopy] INFO  ScalaScriptDProcessor - cl2::com.streamsets.pipeline.SDCClassLoader:sun.misc.Launcher$AppClassLoader:sun.misc.Launcher$ExtClassLoaderfile:/usr/lib/jvm/java-1.8.0-openjdk-1.8.0.171-8.b10.el7_5.x86_64/jre/lib/ext/zipfs.jar
2018-06-17 15:39:40,643 [user:*admin] [pipeline:testcopy/testcopy9a396a31-25f2-42a8-99f6-2bd91c094bfc] [runner:0] [thread:ProductionPipelineRunnable-testcopy9a396a31-25f2-42a8-99f6-2bd91c094bfc-testcopy] INFO  ScalaScriptDProcessor - cl2::com.streamsets.pipeline.SDCClassLoader:sun.misc.Launcher$AppClassLoader:sun.misc.Launcher$ExtClassLoaderfile:/usr/lib/jvm/java-1.8.0-openjdk-1.8.0.171-8.b10.el7_5.x86_64/jre/lib/ext/java-atk-wrapper.jar
2018-06-17 15:39:40,795 [user:*admin] [pipeline:testcopy/testcopy9a396a31-25f2-42a8-99f6-2bd91c094bfc] [runner:0] [thread:ProductionPipelineRunnable-testcopy9a396a31-25f2-42a8-99f6-2bd91c094bfc-testcopy] INFO  ScalaEngine$ - add jar:/root/.ivy2/jars/org.apache.commons_commons-math3-3.6.1.jar
2018-06-17 15:39:42,714 [user:*admin] [pipeline:testcopy/testcopy9a396a31-25f2-42a8-99f6-2bd91c094bfc] [runner:0] [thread:ProductionPipelineRunnable-testcopy9a396a31-25f2-42a8-99f6-2bd91c094bfc-testcopy] ERROR ScalaScriptDProcessor - object scala in compiler mirror not found.
scala.reflect.internal.MissingRequirementError: object scala in compiler mirror not found.
	at scala.reflect.internal.MissingRequirementError$.signal(MissingRequirementError.scala:17)
	at scala.reflect.internal.MissingRequirementError$.notFound(MissingRequirementError.scala:18)
	at scala.reflect.internal.Mirrors$RootsBase.getModuleOrClass(Mirrors.scala:53)
	at scala.reflect.internal.Mirrors$RootsBase.getModuleOrClass(Mirrors.scala:66)
	at scala.reflect.internal.Mirrors$RootsBase.getPackage(Mirrors.scala:173)
	at scala.reflect.internal.Definitions$DefinitionsClass.ScalaPackage$lzycompute(Definitions.scala:161)
	at scala.reflect.internal.Definitions$DefinitionsClass.ScalaPackage(Definitions.scala:161)
	at scala.reflect.internal.Definitions$DefinitionsClass.ScalaPackageClass$lzycompute(Definitions.scala:162)
	at scala.reflect.internal.Definitions$DefinitionsClass.ScalaPackageClass(Definitions.scala:162)
	at scala.reflect.internal.Definitions$DefinitionsClass.init(Definitions.scala:1391)
	at scala.tools.nsc.Global$Run.<init>(Global.scala:1242)
	at scala.tools.nsc.interpreter.IMain.compileSourcesKeepingRun(IMain.scala:439)
	at scala.tools.nsc.interpreter.IMain$ReadEvalPrint.compileAndSaveRun(IMain.scala:862)
	at scala.tools.nsc.interpreter.IMain$ReadEvalPrint.compile(IMain.scala:820)
	at scala.tools.nsc.interpreter.IMain.bind(IMain.scala:682)
	at scala.tools.nsc.interpreter.IMain.bind(IMain.scala:719)
	at scala.tools.nsc.interpreter.IMain.bind(IMain.scala:720)
	at kw.streamsets.processor.ScalaScriptProcessor.init(ScalaScriptProcessor.scala:122)
	at com.streamsets.pipeline.api.base.BaseStage.init(BaseStage.java:48)
	at com.streamsets.datacollector.runner.StageRuntime.lambda$init$0(StageRuntime.java:177)
	at com.streamsets.datacollector.util.LambdaUtil.withClassLoaderInternal(LambdaUtil.java:148)
	at com.streamsets.datacollector.util.LambdaUtil.withClassLoader(LambdaUtil.java:44)
	at com.streamsets.datacollector.runner.StageRuntime.init(StageRuntime.java:175)
	at com.streamsets.datacollector.runner.StagePipe.init(StagePipe.java:99)
	at com.streamsets.datacollector.runner.StagePipe.init(StagePipe.java:47)
	at com.streamsets.datacollector.runner.Pipeline.initPipe(Pipeline.java:386)
	at com.streamsets.datacollector.runner.Pipeline.lambda$init$0(Pipeline.java:376)
	at com.streamsets.datacollector.runner.PipeRunner.forEach(PipeRunner.java:166)
	at com.streamsets.datacollector.runner.Pipeline.init(Pipeline.java:374)
	at com.streamsets.datacollector.execution.runner.common.ProductionPipeline.run(ProductionPipeline.java:96)
	at com.streamsets.datacollector.execution.runner.common.ProductionPipelineRunnable.run(ProductionPipelineRunnable.java:74)
	at com.streamsets.datacollector.execution.runner.standalone.StandaloneRunner.start(StandaloneRunner.java:756)
	at com.streamsets.datacollector.execution.runner.common.AsyncRunner.lambda$start$3(AsyncRunner.java:152)
	at com.streamsets.pipeline.lib.executor.SafeScheduledExecutorService$SafeCallable.lambda$call$0(SafeScheduledExecutorService.java:226)
	at com.streamsets.datacollector.security.GroupsInScope.execute(GroupsInScope.java:33)
	at com.streamsets.pipeline.lib.executor.SafeScheduledExecutorService$SafeCallable.call(SafeScheduledExecutorService.java:222)
	at com.streamsets.pipeline.lib.executor.SafeScheduledExecutorService$SafeCallable.lambda$call$0(SafeScheduledExecutorService.java:226)
	at com.streamsets.datacollector.security.GroupsInScope.execute(GroupsInScope.java:33)
	at com.streamsets.pipeline.lib.executor.SafeScheduledExecutorService$SafeCallable.call(SafeScheduledExecutorService.java:222)
	at java.util.concurrent.FutureTask.run(FutureTask.java:266)
	at java.util.concurrent.ScheduledThreadPoolExecutor$ScheduledFutureTask.access$201(ScheduledThreadPoolExecutor.java:180)
	at java.util.concurrent.ScheduledThreadPoolExecutor$ScheduledFutureTask.run(ScheduledThreadPoolExecutor.java:293)
	at com.streamsets.datacollector.metrics.MetricSafeScheduledExecutorService$MetricsTask.run(MetricSafeScheduledExecutorService.java:100)
	at java.util.concurrent.ThreadPoolExecutor.runWorker(ThreadPoolExecutor.java:1149)
	at java.util.concurrent.ThreadPoolExecutor$Worker.run(ThreadPoolExecutor.java:624)
	at java.lang.Thread.run(Thread.java:748)
2018-06-17 15:39:42,750 [user:*admin] [pipeline:testcopy/testcopy9a396a31-25f2-42a8-99f6-2bd91c094bfc] [runner:] [thread:ProductionPipelineRunnable-testcopy9a396a31-25f2-42a8-99f6-2bd91c094bfc-testcopy] INFO  Pipeline - Destroying pipeline with reason=FINISHED
2018-06-17 15:39:42,783 [user:*admin] [pipeline:testcopy/testcopy9a396a31-25f2-42a8-99f6-2bd91c094bfc] [runner:] [thread:ProductionPipelineRunnable-testcopy9a396a31-25f2-42a8-99f6-2bd91c094bfc-testcopy] INFO  Pipeline - Processing lifecycle stop event
2018-06-17 15:39:42,785 [user:*admin] [pipeline:testcopy/testcopy9a396a31-25f2-42a8-99f6-2bd91c094bfc] [runner:] [thread:ProductionPipelineRunnable-testcopy9a396a31-25f2-42a8-99f6-2bd91c094bfc-testcopy] INFO  Pipeline - Pipeline finished destroying with final reason=FINISHED
2018-06-17 15:39:42,839 [user:*admin] [pipeline:testcopy/testcopy9a396a31-25f2-42a8-99f6-2bd91c094bfc] [runner:] [thread:ProductionPipelineRunnable-testcopy9a396a31-25f2-42a8-99f6-2bd91c094bfc-testcopy] ERROR ProductionPipelineRunnable - An exception occurred while running the pipeline, com.streamsets.datacollector.runner.PipelineRuntimeException: CONTAINER_0800 - Pipeline 'testcopy9a396a31-25f2-42a8-99f6-2bd91c094bfc' validation error : SCRIPTING_03 - scala: 'scala.reflect.internal.MissingRequirementError: object scala in compiler mirror not found.'
com.streamsets.datacollector.runner.PipelineRuntimeException: CONTAINER_0800 - Pipeline 'testcopy9a396a31-25f2-42a8-99f6-2bd91c094bfc' validation error : SCRIPTING_03 - scala: 'scala.reflect.internal.MissingRequirementError: object scala in compiler mirror not found.'
	at com.streamsets.datacollector.execution.runner.common.ProductionPipeline.run(ProductionPipeline.java:131)
	at com.streamsets.datacollector.execution.runner.common.ProductionPipelineRunnable.run(ProductionPipelineRunnable.java:74)
	at com.streamsets.datacollector.execution.runner.standalone.StandaloneRunner.start(StandaloneRunner.java:756)
	at com.streamsets.datacollector.execution.runner.common.AsyncRunner.lambda$start$3(AsyncRunner.java:152)
	at com.streamsets.pipeline.lib.executor.SafeScheduledExecutorService$SafeCallable.lambda$call$0(SafeScheduledExecutorService.java:226)
	at com.streamsets.datacollector.security.GroupsInScope.execute(GroupsInScope.java:33)
	at com.streamsets.pipeline.lib.executor.SafeScheduledExecutorService$SafeCallable.call(SafeScheduledExecutorService.java:222)
	at com.streamsets.pipeline.lib.executor.SafeScheduledExecutorService$SafeCallable.lambda$call$0(SafeScheduledExecutorService.java:226)
	at com.streamsets.datacollector.security.GroupsInScope.execute(GroupsInScope.java:33)
	at com.streamsets.pipeline.lib.executor.SafeScheduledExecutorService$SafeCallable.call(SafeScheduledExecutorService.java:222)
	at java.util.concurrent.FutureTask.run(FutureTask.java:266)
	at java.util.concurrent.ScheduledThreadPoolExecutor$ScheduledFutureTask.access$201(ScheduledThreadPoolExecutor.java:180)
	at java.util.concurrent.ScheduledThreadPoolExecutor$ScheduledFutureTask.run(ScheduledThreadPoolExecutor.java:293)
	at com.streamsets.datacollector.metrics.MetricSafeScheduledExecutorService$MetricsTask.run(MetricSafeScheduledExecutorService.java:100)
	at java.util.concurrent.ThreadPoolExecutor.runWorker(ThreadPoolExecutor.java:1149)
	at java.util.concurrent.ThreadPoolExecutor$Worker.run(ThreadPoolExecutor.java:624)
	at java.lang.Thread.run(Thread.java:748)
